[2026-05-01T10:55:19.280+0000] {processor.py:161} INFO - Started process (PID=651) to work on /opt/airflow/dags/badminton-match-with-airflow/dag.py
[2026-05-01T10:55:19.282+0000] {processor.py:830} INFO - Processing file /opt/airflow/dags/badminton-match-with-airflow/dag.py for tasks to queue
[2026-05-01T10:55:19.285+0000] {logging_mixin.py:188} INFO - [2026-05-01T10:55:19.285+0000] {dagbag.py:540} INFO - Filling up the DagBag from /opt/airflow/dags/badminton-match-with-airflow/dag.py
[2026-05-01T10:55:20.171+0000] {processor.py:840} INFO - DAG(s) 'flashscore_badminton_pipeline' retrieved from /opt/airflow/dags/badminton-match-with-airflow/dag.py
[2026-05-01T10:55:20.338+0000] {logging_mixin.py:188} INFO - [2026-05-01T10:55:20.337+0000] {override.py:1829} INFO - Created Permission View: can delete on DAG:flashscore_badminton_pipeline
[2026-05-01T10:55:20.353+0000] {logging_mixin.py:188} INFO - [2026-05-01T10:55:20.353+0000] {override.py:1829} INFO - Created Permission View: can edit on DAG:flashscore_badminton_pipeline
[2026-05-01T10:55:20.363+0000] {logging_mixin.py:188} INFO - [2026-05-01T10:55:20.362+0000] {override.py:1829} INFO - Created Permission View: can read on DAG:flashscore_badminton_pipeline
[2026-05-01T10:55:20.364+0000] {logging_mixin.py:188} INFO - [2026-05-01T10:55:20.363+0000] {dag.py:3096} INFO - Sync 1 DAGs
[2026-05-01T10:55:20.383+0000] {logging_mixin.py:188} INFO - [2026-05-01T10:55:20.382+0000] {dag.py:3118} INFO - Creating ORM DAG for flashscore_badminton_pipeline
[2026-05-01T10:55:20.399+0000] {logging_mixin.py:188} INFO - [2026-05-01T10:55:20.398+0000] {dag.py:3954} INFO - Setting next_dagrun for flashscore_badminton_pipeline to 2026-04-30 00:00:00+00:00, run_after=2026-05-01 00:00:00+00:00
[2026-05-01T10:55:20.427+0000] {processor.py:183} INFO - Processing /opt/airflow/dags/badminton-match-with-airflow/dag.py took 1.158 seconds
[2026-05-01T10:55:50.958+0000] {processor.py:161} INFO - Started process (PID=711) to work on /opt/airflow/dags/badminton-match-with-airflow/dag.py
[2026-05-01T10:55:50.968+0000] {processor.py:830} INFO - Processing file /opt/airflow/dags/badminton-match-with-airflow/dag.py for tasks to queue
[2026-05-01T10:55:50.974+0000] {logging_mixin.py:188} INFO - [2026-05-01T10:55:50.973+0000] {dagbag.py:540} INFO - Filling up the DagBag from /opt/airflow/dags/badminton-match-with-airflow/dag.py
[2026-05-01T10:55:51.818+0000] {processor.py:840} INFO - DAG(s) 'flashscore_badminton_pipeline' retrieved from /opt/airflow/dags/badminton-match-with-airflow/dag.py
[2026-05-01T10:55:51.852+0000] {logging_mixin.py:188} INFO - [2026-05-01T10:55:51.851+0000] {dag.py:3096} INFO - Sync 1 DAGs
[2026-05-01T10:55:51.890+0000] {logging_mixin.py:188} INFO - [2026-05-01T10:55:51.890+0000] {dag.py:3954} INFO - Setting next_dagrun for flashscore_badminton_pipeline to 2026-04-30 00:00:00+00:00, run_after=2026-05-01 00:00:00+00:00
[2026-05-01T10:55:51.930+0000] {processor.py:183} INFO - Processing /opt/airflow/dags/badminton-match-with-airflow/dag.py took 0.993 seconds
[2026-05-01T10:56:22.129+0000] {processor.py:161} INFO - Started process (PID=771) to work on /opt/airflow/dags/badminton-match-with-airflow/dag.py
[2026-05-01T10:56:22.131+0000] {processor.py:830} INFO - Processing file /opt/airflow/dags/badminton-match-with-airflow/dag.py for tasks to queue
[2026-05-01T10:56:22.135+0000] {logging_mixin.py:188} INFO - [2026-05-01T10:56:22.134+0000] {dagbag.py:540} INFO - Filling up the DagBag from /opt/airflow/dags/badminton-match-with-airflow/dag.py
[2026-05-01T10:56:22.964+0000] {processor.py:840} INFO - DAG(s) 'flashscore_badminton_pipeline' retrieved from /opt/airflow/dags/badminton-match-with-airflow/dag.py
[2026-05-01T10:56:22.994+0000] {logging_mixin.py:188} INFO - [2026-05-01T10:56:22.993+0000] {dag.py:3096} INFO - Sync 1 DAGs
[2026-05-01T10:56:23.030+0000] {logging_mixin.py:188} INFO - [2026-05-01T10:56:23.029+0000] {dag.py:3954} INFO - Setting next_dagrun for flashscore_badminton_pipeline to 2026-04-30 00:00:00+00:00, run_after=2026-05-01 00:00:00+00:00
[2026-05-01T10:56:23.069+0000] {processor.py:183} INFO - Processing /opt/airflow/dags/badminton-match-with-airflow/dag.py took 0.954 seconds
[2026-05-01T11:00:19.367+0000] {processor.py:161} INFO - Started process (PID=1237) to work on /opt/airflow/dags/badminton-match-with-airflow/dag.py
[2026-05-01T11:00:19.369+0000] {processor.py:830} INFO - Processing file /opt/airflow/dags/badminton-match-with-airflow/dag.py for tasks to queue
[2026-05-01T11:00:19.371+0000] {logging_mixin.py:188} INFO - [2026-05-01T11:00:19.370+0000] {dagbag.py:540} INFO - Filling up the DagBag from /opt/airflow/dags/badminton-match-with-airflow/dag.py
[2026-05-01T11:00:20.036+0000] {processor.py:840} INFO - DAG(s) 'badminton_flashscore' retrieved from /opt/airflow/dags/badminton-match-with-airflow/dag.py
[2026-05-01T11:00:20.282+0000] {logging_mixin.py:188} INFO - [2026-05-01T11:00:20.281+0000] {override.py:1832} ERROR - Creation of Permission View Error: (psycopg2.errors.UniqueViolation) duplicate key value violates unique constraint "serialized_dag_pkey"
DETAIL:  Key (dag_id)=(badminton_flashscore) already exists.

[SQL: INSERT INTO serialized_dag (dag_id, fileloc, fileloc_hash, data, data_compressed, last_updated, dag_hash, processor_subdir) VALUES (%(dag_id)s, %(fileloc)s, %(fileloc_hash)s, %(data)s, %(data_compressed)s, %(last_updated)s, %(dag_hash)s, %(processor_subdir)s)]
[parameters: {'dag_id': 'badminton_flashscore', 'fileloc': '/opt/airflow/dags/badminton-match-with-airflow/dag.py', 'fileloc_hash': 1854055263950380, 'data': '{"__version": 1, "dag": {"timezone": "UTC", "default_args": {"__var": {"owner": "abilhzn", "retries": 1, "retry_delay": {"__var": 300.0, "__type": "t ... (1147 characters truncated) ... onOperator", "_task_module": "airflow.operators.python", "_is_empty": false, "op_args": [], "op_kwargs": {}}], "dag_dependencies": [], "params": {}}}', 'data_compressed': None, 'last_updated': datetime.datetime(2026, 5, 1, 11, 0, 20, 60274, tzinfo=Timezone('UTC')), 'dag_hash': '6588d8d418393c8913e2f530b0178f6c', 'processor_subdir': '/opt/airflow/dags'}]
(Background on this error at: https://sqlalche.me/e/14/gkpj)
[2026-05-01T11:00:20.283+0000] {logging_mixin.py:188} INFO - [2026-05-01T11:00:20.283+0000] {dag.py:3096} INFO - Sync 1 DAGs
[2026-05-01T11:00:20.303+0000] {logging_mixin.py:188} INFO - [2026-05-01T11:00:20.303+0000] {dag.py:3118} INFO - Creating ORM DAG for badminton_flashscore
[2026-05-01T11:00:20.322+0000] {logging_mixin.py:188} INFO - [2026-05-01T11:00:20.322+0000] {dag.py:3954} INFO - Setting next_dagrun for badminton_flashscore to 2026-04-30 00:00:00+00:00, run_after=2026-05-01 00:00:00+00:00
[2026-05-01T11:00:20.788+0000] {logging_mixin.py:188} INFO - [2026-05-01T11:00:20.784+0000] {dagbag.py:649} ERROR - Failed to write serialized DAG: /opt/airflow/dags/badminton-match-with-airflow/dag.py
Traceback (most recent call last):
  File "/home/airflow/.local/lib/python3.12/site-packages/airflow/models/dagbag.py", line 637, in _serialize_dag_capturing_errors
    dag_was_updated = SerializedDagModel.write_dag(
                      ^^^^^^^^^^^^^^^^^^^^^^^^^^^^^
  File "/home/airflow/.local/lib/python3.12/site-packages/airflow/utils/session.py", line 76, in wrapper
    return func(*args, **kwargs)
           ^^^^^^^^^^^^^^^^^^^^^
  File "/home/airflow/.local/lib/python3.12/site-packages/airflow/models/serialized_dag.py", line 158, in write_dag
    if session.scalar(
       ^^^^^^^^^^^^^^^
  File "/home/airflow/.local/lib/python3.12/site-packages/sqlalchemy/orm/session.py", line 1747, in scalar
    return self.execute(
           ^^^^^^^^^^^^^
  File "/home/airflow/.local/lib/python3.12/site-packages/sqlalchemy/orm/session.py", line 1716, in execute
    conn = self._connection_for_bind(bind)
           ^^^^^^^^^^^^^^^^^^^^^^^^^^^^^^^
  File "/home/airflow/.local/lib/python3.12/site-packages/sqlalchemy/orm/session.py", line 1555, in _connection_for_bind
    return self._transaction._connection_for_bind(
           ^^^^^^^^^^^^^^^^^^^^^^^^^^^^^^^^^^^^^^^
  File "/home/airflow/.local/lib/python3.12/site-packages/sqlalchemy/orm/session.py", line 724, in _connection_for_bind
    self._assert_active()
  File "/home/airflow/.local/lib/python3.12/site-packages/sqlalchemy/orm/session.py", line 604, in _assert_active
    raise sa_exc.PendingRollbackError(
sqlalchemy.exc.PendingRollbackError: This Session's transaction has been rolled back due to a previous exception during flush. To begin a new transaction with this Session, first issue Session.rollback(). Original exception was: (psycopg2.errors.UniqueViolation) duplicate key value violates unique constraint "dag_pkey"
DETAIL:  Key (dag_id)=(badminton_flashscore) already exists.

[SQL: INSERT INTO dag (dag_id, root_dag_id, is_paused, is_subdag, is_active, last_parsed_time, last_pickled, last_expired, scheduler_lock, pickle_id, fileloc, processor_subdir, owners, dag_display_name, description, default_view, schedule_interval, timetable_description, dataset_expression, max_active_tasks, max_active_runs, max_consecutive_failed_dag_runs, has_task_concurrency_limits, has_import_errors, next_dagrun, next_dagrun_data_interval_start, next_dagrun_data_interval_end, next_dagrun_create_after) VALUES (%(dag_id)s, %(root_dag_id)s, %(is_paused)s, %(is_subdag)s, %(is_active)s, %(last_parsed_time)s, %(last_pickled)s, %(last_expired)s, %(scheduler_lock)s, %(pickle_id)s, %(fileloc)s, %(processor_subdir)s, %(owners)s, %(dag_display_name)s, %(description)s, %(default_view)s, %(schedule_interval)s, %(timetable_description)s, %(dataset_expression)s, %(max_active_tasks)s, %(max_active_runs)s, %(max_consecutive_failed_dag_runs)s, %(has_task_concurrency_limits)s, %(has_import_errors)s, %(next_dagrun)s, %(next_dagrun_data_interval_start)s, %(next_dagrun_data_interval_end)s, %(next_dagrun_create_after)s)]
[parameters: {'dag_id': 'badminton_flashscore', 'root_dag_id': None, 'is_paused': True, 'is_subdag': False, 'is_active': True, 'last_parsed_time': datetime.datetime(2026, 5, 1, 11, 0, 20, 319660, tzinfo=Timezone('UTC')), 'last_pickled': None, 'last_expired': None, 'scheduler_lock': None, 'pickle_id': None, 'fileloc': '/opt/airflow/dags/badminton-match-with-airflow/dag.py', 'processor_subdir': '/opt/airflow/dags', 'owners': 'abilhzn', 'dag_display_name': None, 'description': None, 'default_view': 'grid', 'schedule_interval': '"@daily"', 'timetable_description': 'At 00:00', 'dataset_expression': 'null', 'max_active_tasks': 16, 'max_active_runs': 16, 'max_consecutive_failed_dag_runs': 0, 'has_task_concurrency_limits': False, 'has_import_errors': False, 'next_dagrun': DateTime(2026, 4, 30, 0, 0, 0, tzinfo=Timezone('UTC')), 'next_dagrun_data_interval_start': DateTime(2026, 4, 30, 0, 0, 0, tzinfo=Timezone('UTC')), 'next_dagrun_data_interval_end': DateTime(2026, 5, 1, 0, 0, 0, tzinfo=Timezone('UTC')), 'next_dagrun_create_after': DateTime(2026, 5, 1, 0, 0, 0, tzinfo=Timezone('UTC'))}]
(Background on this error at: https://sqlalche.me/e/14/gkpj) (Background on this error at: https://sqlalche.me/e/14/7s2a)
[2026-05-01T11:00:20.790+0000] {logging_mixin.py:188} INFO - [2026-05-01T11:00:20.789+0000] {dag.py:3096} INFO - Sync 1 DAGs
[2026-05-01T11:00:20.791+0000] {processor.py:186} ERROR - Got an exception! Propagating...
Traceback (most recent call last):
  File "/home/airflow/.local/lib/python3.12/site-packages/airflow/dag_processing/processor.py", line 182, in _run_file_processor
    _handle_dag_file_processing()
  File "/home/airflow/.local/lib/python3.12/site-packages/airflow/dag_processing/processor.py", line 163, in _handle_dag_file_processing
    result: tuple[int, int] = dag_file_processor.process_file(
                              ^^^^^^^^^^^^^^^^^^^^^^^^^^^^^^^^
  File "/home/airflow/.local/lib/python3.12/site-packages/airflow/utils/session.py", line 79, in wrapper
    return func(*args, session=session, **kwargs)
           ^^^^^^^^^^^^^^^^^^^^^^^^^^^^^^^^^^^^^^
  File "/home/airflow/.local/lib/python3.12/site-packages/airflow/dag_processing/processor.py", line 859, in process_file
    serialize_errors = DagFileProcessor.save_dag_to_db(
                       ^^^^^^^^^^^^^^^^^^^^^^^^^^^^^^^^
  File "/home/airflow/.local/lib/python3.12/site-packages/airflow/api_internal/internal_api_call.py", line 115, in wrapper
    return func(*args, **kwargs)
           ^^^^^^^^^^^^^^^^^^^^^
  File "/home/airflow/.local/lib/python3.12/site-packages/airflow/utils/session.py", line 79, in wrapper
    return func(*args, session=session, **kwargs)
           ^^^^^^^^^^^^^^^^^^^^^^^^^^^^^^^^^^^^^^
  File "/home/airflow/.local/lib/python3.12/site-packages/airflow/dag_processing/processor.py", line 895, in save_dag_to_db
    import_errors = DagBag._sync_to_db(dags=dags, processor_subdir=dag_directory, session=session)
                    ^^^^^^^^^^^^^^^^^^^^^^^^^^^^^^^^^^^^^^^^^^^^^^^^^^^^^^^^^^^^^^^^^^^^^^^^^^^^^^
  File "/home/airflow/.local/lib/python3.12/site-packages/airflow/utils/session.py", line 76, in wrapper
    return func(*args, **kwargs)
           ^^^^^^^^^^^^^^^^^^^^^
  File "/home/airflow/.local/lib/python3.12/site-packages/airflow/models/dagbag.py", line 659, in _sync_to_db
    for attempt in run_with_db_retries(logger=log):
  File "/home/airflow/.local/lib/python3.12/site-packages/tenacity/__init__.py", line 347, in __iter__
    do = self.iter(retry_state=retry_state)
         ^^^^^^^^^^^^^^^^^^^^^^^^^^^^^^^^^^
  File "/home/airflow/.local/lib/python3.12/site-packages/tenacity/__init__.py", line 314, in iter
    return fut.result()
           ^^^^^^^^^^^^
  File "/usr/local/lib/python3.12/concurrent/futures/_base.py", line 449, in result
    return self.__get_result()
           ^^^^^^^^^^^^^^^^^^^
  File "/usr/local/lib/python3.12/concurrent/futures/_base.py", line 401, in __get_result
    raise self._exception
  File "/home/airflow/.local/lib/python3.12/site-packages/airflow/models/dagbag.py", line 675, in _sync_to_db
    DAG.bulk_write_to_db(dags.values(), processor_subdir=processor_subdir, session=session)
  File "/home/airflow/.local/lib/python3.12/site-packages/airflow/utils/session.py", line 76, in wrapper
    return func(*args, **kwargs)
           ^^^^^^^^^^^^^^^^^^^^^
  File "/home/airflow/.local/lib/python3.12/site-packages/airflow/models/dag.py", line 3108, in bulk_write_to_db
    orm_dags: list[DagModel] = session.scalars(query).unique().all()
                               ^^^^^^^^^^^^^^^^^^^^^^
  File "/home/airflow/.local/lib/python3.12/site-packages/sqlalchemy/orm/session.py", line 1778, in scalars
    return self.execute(
           ^^^^^^^^^^^^^
  File "/home/airflow/.local/lib/python3.12/site-packages/sqlalchemy/orm/session.py", line 1716, in execute
    conn = self._connection_for_bind(bind)
           ^^^^^^^^^^^^^^^^^^^^^^^^^^^^^^^
  File "/home/airflow/.local/lib/python3.12/site-packages/sqlalchemy/orm/session.py", line 1555, in _connection_for_bind
    return self._transaction._connection_for_bind(
           ^^^^^^^^^^^^^^^^^^^^^^^^^^^^^^^^^^^^^^^
  File "/home/airflow/.local/lib/python3.12/site-packages/sqlalchemy/orm/session.py", line 724, in _connection_for_bind
    self._assert_active()
  File "/home/airflow/.local/lib/python3.12/site-packages/sqlalchemy/orm/session.py", line 604, in _assert_active
    raise sa_exc.PendingRollbackError(
sqlalchemy.exc.PendingRollbackError: This Session's transaction has been rolled back due to a previous exception during flush. To begin a new transaction with this Session, first issue Session.rollback(). Original exception was: (psycopg2.errors.UniqueViolation) duplicate key value violates unique constraint "dag_pkey"
DETAIL:  Key (dag_id)=(badminton_flashscore) already exists.

[SQL: INSERT INTO dag (dag_id, root_dag_id, is_paused, is_subdag, is_active, last_parsed_time, last_pickled, last_expired, scheduler_lock, pickle_id, fileloc, processor_subdir, owners, dag_display_name, description, default_view, schedule_interval, timetable_description, dataset_expression, max_active_tasks, max_active_runs, max_consecutive_failed_dag_runs, has_task_concurrency_limits, has_import_errors, next_dagrun, next_dagrun_data_interval_start, next_dagrun_data_interval_end, next_dagrun_create_after) VALUES (%(dag_id)s, %(root_dag_id)s, %(is_paused)s, %(is_subdag)s, %(is_active)s, %(last_parsed_time)s, %(last_pickled)s, %(last_expired)s, %(scheduler_lock)s, %(pickle_id)s, %(fileloc)s, %(processor_subdir)s, %(owners)s, %(dag_display_name)s, %(description)s, %(default_view)s, %(schedule_interval)s, %(timetable_description)s, %(dataset_expression)s, %(max_active_tasks)s, %(max_active_runs)s, %(max_consecutive_failed_dag_runs)s, %(has_task_concurrency_limits)s, %(has_import_errors)s, %(next_dagrun)s, %(next_dagrun_data_interval_start)s, %(next_dagrun_data_interval_end)s, %(next_dagrun_create_after)s)]
[parameters: {'dag_id': 'badminton_flashscore', 'root_dag_id': None, 'is_paused': True, 'is_subdag': False, 'is_active': True, 'last_parsed_time': datetime.datetime(2026, 5, 1, 11, 0, 20, 319660, tzinfo=Timezone('UTC')), 'last_pickled': None, 'last_expired': None, 'scheduler_lock': None, 'pickle_id': None, 'fileloc': '/opt/airflow/dags/badminton-match-with-airflow/dag.py', 'processor_subdir': '/opt/airflow/dags', 'owners': 'abilhzn', 'dag_display_name': None, 'description': None, 'default_view': 'grid', 'schedule_interval': '"@daily"', 'timetable_description': 'At 00:00', 'dataset_expression': 'null', 'max_active_tasks': 16, 'max_active_runs': 16, 'max_consecutive_failed_dag_runs': 0, 'has_task_concurrency_limits': False, 'has_import_errors': False, 'next_dagrun': DateTime(2026, 4, 30, 0, 0, 0, tzinfo=Timezone('UTC')), 'next_dagrun_data_interval_start': DateTime(2026, 4, 30, 0, 0, 0, tzinfo=Timezone('UTC')), 'next_dagrun_data_interval_end': DateTime(2026, 5, 1, 0, 0, 0, tzinfo=Timezone('UTC')), 'next_dagrun_create_after': DateTime(2026, 5, 1, 0, 0, 0, tzinfo=Timezone('UTC'))}]
(Background on this error at: https://sqlalche.me/e/14/gkpj) (Background on this error at: https://sqlalche.me/e/14/7s2a)
