[2026-05-01T14:45:36.334+0000] {processor.py:161} INFO - Started process (PID=27834) to work on /opt/airflow/dags/badminton_match_with_airflow/badminton_dag.py
[2026-05-01T14:45:36.336+0000] {processor.py:830} INFO - Processing file /opt/airflow/dags/badminton_match_with_airflow/badminton_dag.py for tasks to queue
[2026-05-01T14:45:36.339+0000] {logging_mixin.py:188} INFO - [2026-05-01T14:45:36.338+0000] {dagbag.py:540} INFO - Filling up the DagBag from /opt/airflow/dags/badminton_match_with_airflow/badminton_dag.py
[2026-05-01T14:45:37.383+0000] {processor.py:840} INFO - DAG(s) 'badminton_flashscore' retrieved from /opt/airflow/dags/badminton_match_with_airflow/badminton_dag.py
[2026-05-01T14:45:37.567+0000] {logging_mixin.py:188} INFO - [2026-05-01T14:45:37.566+0000] {dag.py:3096} INFO - Sync 1 DAGs
[2026-05-01T14:45:37.599+0000] {logging_mixin.py:188} INFO - [2026-05-01T14:45:37.599+0000] {dag.py:3954} INFO - Setting next_dagrun for badminton_flashscore to 2026-05-01 00:00:00+00:00, run_after=2026-05-02 00:00:00+00:00
[2026-05-01T14:45:37.637+0000] {processor.py:183} INFO - Processing /opt/airflow/dags/badminton_match_with_airflow/badminton_dag.py took 1.320 seconds
[2026-05-01T14:46:08.469+0000] {processor.py:161} INFO - Started process (PID=27895) to work on /opt/airflow/dags/badminton_match_with_airflow/badminton_dag.py
[2026-05-01T14:46:08.471+0000] {processor.py:830} INFO - Processing file /opt/airflow/dags/badminton_match_with_airflow/badminton_dag.py for tasks to queue
[2026-05-01T14:46:08.473+0000] {logging_mixin.py:188} INFO - [2026-05-01T14:46:08.472+0000] {dagbag.py:540} INFO - Filling up the DagBag from /opt/airflow/dags/badminton_match_with_airflow/badminton_dag.py
[2026-05-01T14:46:09.417+0000] {processor.py:840} INFO - DAG(s) 'badminton_flashscore' retrieved from /opt/airflow/dags/badminton_match_with_airflow/badminton_dag.py
[2026-05-01T14:46:09.446+0000] {logging_mixin.py:188} INFO - [2026-05-01T14:46:09.445+0000] {dag.py:3096} INFO - Sync 1 DAGs
[2026-05-01T14:46:09.481+0000] {logging_mixin.py:188} INFO - [2026-05-01T14:46:09.480+0000] {dag.py:3954} INFO - Setting next_dagrun for badminton_flashscore to 2026-05-01 00:00:00+00:00, run_after=2026-05-02 00:00:00+00:00
[2026-05-01T14:46:09.511+0000] {processor.py:183} INFO - Processing /opt/airflow/dags/badminton_match_with_airflow/badminton_dag.py took 1.055 seconds
[2026-05-01T14:46:40.057+0000] {processor.py:161} INFO - Started process (PID=27956) to work on /opt/airflow/dags/badminton_match_with_airflow/badminton_dag.py
[2026-05-01T14:46:40.059+0000] {processor.py:830} INFO - Processing file /opt/airflow/dags/badminton_match_with_airflow/badminton_dag.py for tasks to queue
[2026-05-01T14:46:40.061+0000] {logging_mixin.py:188} INFO - [2026-05-01T14:46:40.060+0000] {dagbag.py:540} INFO - Filling up the DagBag from /opt/airflow/dags/badminton_match_with_airflow/badminton_dag.py
[2026-05-01T14:46:40.895+0000] {processor.py:840} INFO - DAG(s) 'badminton_flashscore' retrieved from /opt/airflow/dags/badminton_match_with_airflow/badminton_dag.py
[2026-05-01T14:46:40.923+0000] {logging_mixin.py:188} INFO - [2026-05-01T14:46:40.922+0000] {dag.py:3096} INFO - Sync 1 DAGs
[2026-05-01T14:46:40.954+0000] {logging_mixin.py:188} INFO - [2026-05-01T14:46:40.954+0000] {dag.py:3954} INFO - Setting next_dagrun for badminton_flashscore to 2026-05-01 00:00:00+00:00, run_after=2026-05-02 00:00:00+00:00
[2026-05-01T14:46:40.990+0000] {processor.py:183} INFO - Processing /opt/airflow/dags/badminton_match_with_airflow/badminton_dag.py took 0.945 seconds
[2026-05-01T14:47:11.514+0000] {processor.py:161} INFO - Started process (PID=28016) to work on /opt/airflow/dags/badminton_match_with_airflow/badminton_dag.py
[2026-05-01T14:47:11.515+0000] {processor.py:830} INFO - Processing file /opt/airflow/dags/badminton_match_with_airflow/badminton_dag.py for tasks to queue
[2026-05-01T14:47:11.517+0000] {logging_mixin.py:188} INFO - [2026-05-01T14:47:11.516+0000] {dagbag.py:540} INFO - Filling up the DagBag from /opt/airflow/dags/badminton_match_with_airflow/badminton_dag.py
[2026-05-01T14:47:12.361+0000] {processor.py:840} INFO - DAG(s) 'badminton_flashscore' retrieved from /opt/airflow/dags/badminton_match_with_airflow/badminton_dag.py
[2026-05-01T14:47:12.389+0000] {logging_mixin.py:188} INFO - [2026-05-01T14:47:12.388+0000] {dag.py:3096} INFO - Sync 1 DAGs
[2026-05-01T14:47:12.421+0000] {logging_mixin.py:188} INFO - [2026-05-01T14:47:12.421+0000] {dag.py:3954} INFO - Setting next_dagrun for badminton_flashscore to 2026-05-01 00:00:00+00:00, run_after=2026-05-02 00:00:00+00:00
[2026-05-01T14:47:12.446+0000] {processor.py:183} INFO - Processing /opt/airflow/dags/badminton_match_with_airflow/badminton_dag.py took 0.945 seconds
[2026-05-01T14:47:42.700+0000] {processor.py:161} INFO - Started process (PID=28079) to work on /opt/airflow/dags/badminton_match_with_airflow/badminton_dag.py
[2026-05-01T14:47:42.702+0000] {processor.py:830} INFO - Processing file /opt/airflow/dags/badminton_match_with_airflow/badminton_dag.py for tasks to queue
[2026-05-01T14:47:42.704+0000] {logging_mixin.py:188} INFO - [2026-05-01T14:47:42.703+0000] {dagbag.py:540} INFO - Filling up the DagBag from /opt/airflow/dags/badminton_match_with_airflow/badminton_dag.py
[2026-05-01T14:47:43.596+0000] {processor.py:840} INFO - DAG(s) 'badminton_flashscore' retrieved from /opt/airflow/dags/badminton_match_with_airflow/badminton_dag.py
[2026-05-01T14:47:43.624+0000] {logging_mixin.py:188} INFO - [2026-05-01T14:47:43.623+0000] {dag.py:3096} INFO - Sync 1 DAGs
[2026-05-01T14:47:43.663+0000] {logging_mixin.py:188} INFO - [2026-05-01T14:47:43.663+0000] {dag.py:3954} INFO - Setting next_dagrun for badminton_flashscore to 2026-05-01 00:00:00+00:00, run_after=2026-05-02 00:00:00+00:00
[2026-05-01T14:47:43.700+0000] {processor.py:183} INFO - Processing /opt/airflow/dags/badminton_match_with_airflow/badminton_dag.py took 1.014 seconds
[2026-05-01T14:48:14.422+0000] {processor.py:161} INFO - Started process (PID=28146) to work on /opt/airflow/dags/badminton_match_with_airflow/badminton_dag.py
[2026-05-01T14:48:14.423+0000] {processor.py:830} INFO - Processing file /opt/airflow/dags/badminton_match_with_airflow/badminton_dag.py for tasks to queue
[2026-05-01T14:48:14.425+0000] {logging_mixin.py:188} INFO - [2026-05-01T14:48:14.424+0000] {dagbag.py:540} INFO - Filling up the DagBag from /opt/airflow/dags/badminton_match_with_airflow/badminton_dag.py
[2026-05-01T14:48:15.267+0000] {processor.py:840} INFO - DAG(s) 'badminton_flashscore' retrieved from /opt/airflow/dags/badminton_match_with_airflow/badminton_dag.py
[2026-05-01T14:48:15.294+0000] {logging_mixin.py:188} INFO - [2026-05-01T14:48:15.293+0000] {dag.py:3096} INFO - Sync 1 DAGs
[2026-05-01T14:48:15.334+0000] {logging_mixin.py:188} INFO - [2026-05-01T14:48:15.333+0000] {dag.py:3954} INFO - Setting next_dagrun for badminton_flashscore to 2026-05-01 00:00:00+00:00, run_after=2026-05-02 00:00:00+00:00
[2026-05-01T14:48:15.372+0000] {processor.py:183} INFO - Processing /opt/airflow/dags/badminton_match_with_airflow/badminton_dag.py took 0.961 seconds
[2026-05-01T14:48:46.160+0000] {processor.py:161} INFO - Started process (PID=28206) to work on /opt/airflow/dags/badminton_match_with_airflow/badminton_dag.py
[2026-05-01T14:48:46.162+0000] {processor.py:830} INFO - Processing file /opt/airflow/dags/badminton_match_with_airflow/badminton_dag.py for tasks to queue
[2026-05-01T14:48:46.163+0000] {logging_mixin.py:188} INFO - [2026-05-01T14:48:46.163+0000] {dagbag.py:540} INFO - Filling up the DagBag from /opt/airflow/dags/badminton_match_with_airflow/badminton_dag.py
[2026-05-01T14:48:47.181+0000] {processor.py:840} INFO - DAG(s) 'badminton_flashscore' retrieved from /opt/airflow/dags/badminton_match_with_airflow/badminton_dag.py
[2026-05-01T14:48:47.208+0000] {logging_mixin.py:188} INFO - [2026-05-01T14:48:47.207+0000] {dag.py:3096} INFO - Sync 1 DAGs
[2026-05-01T14:48:47.240+0000] {logging_mixin.py:188} INFO - [2026-05-01T14:48:47.240+0000] {dag.py:3954} INFO - Setting next_dagrun for badminton_flashscore to 2026-05-01 00:00:00+00:00, run_after=2026-05-02 00:00:00+00:00
[2026-05-01T14:48:47.269+0000] {processor.py:183} INFO - Processing /opt/airflow/dags/badminton_match_with_airflow/badminton_dag.py took 1.121 seconds
[2026-05-01T14:49:17.495+0000] {processor.py:161} INFO - Started process (PID=28270) to work on /opt/airflow/dags/badminton_match_with_airflow/badminton_dag.py
[2026-05-01T14:49:17.496+0000] {processor.py:830} INFO - Processing file /opt/airflow/dags/badminton_match_with_airflow/badminton_dag.py for tasks to queue
[2026-05-01T14:49:17.498+0000] {logging_mixin.py:188} INFO - [2026-05-01T14:49:17.497+0000] {dagbag.py:540} INFO - Filling up the DagBag from /opt/airflow/dags/badminton_match_with_airflow/badminton_dag.py
[2026-05-01T14:49:18.359+0000] {processor.py:840} INFO - DAG(s) 'badminton_flashscore' retrieved from /opt/airflow/dags/badminton_match_with_airflow/badminton_dag.py
[2026-05-01T14:49:18.386+0000] {logging_mixin.py:188} INFO - [2026-05-01T14:49:18.386+0000] {dag.py:3096} INFO - Sync 1 DAGs
[2026-05-01T14:49:18.416+0000] {logging_mixin.py:188} INFO - [2026-05-01T14:49:18.416+0000] {dag.py:3954} INFO - Setting next_dagrun for badminton_flashscore to 2026-05-01 00:00:00+00:00, run_after=2026-05-02 00:00:00+00:00
[2026-05-01T14:49:18.450+0000] {processor.py:183} INFO - Processing /opt/airflow/dags/badminton_match_with_airflow/badminton_dag.py took 0.967 seconds
[2026-05-01T14:49:48.651+0000] {processor.py:161} INFO - Started process (PID=28330) to work on /opt/airflow/dags/badminton_match_with_airflow/badminton_dag.py
[2026-05-01T14:49:48.653+0000] {processor.py:830} INFO - Processing file /opt/airflow/dags/badminton_match_with_airflow/badminton_dag.py for tasks to queue
[2026-05-01T14:49:48.655+0000] {logging_mixin.py:188} INFO - [2026-05-01T14:49:48.654+0000] {dagbag.py:540} INFO - Filling up the DagBag from /opt/airflow/dags/badminton_match_with_airflow/badminton_dag.py
[2026-05-01T14:49:49.505+0000] {processor.py:840} INFO - DAG(s) 'badminton_flashscore' retrieved from /opt/airflow/dags/badminton_match_with_airflow/badminton_dag.py
[2026-05-01T14:49:49.531+0000] {logging_mixin.py:188} INFO - [2026-05-01T14:49:49.531+0000] {dag.py:3096} INFO - Sync 1 DAGs
[2026-05-01T14:49:49.563+0000] {logging_mixin.py:188} INFO - [2026-05-01T14:49:49.562+0000] {dag.py:3954} INFO - Setting next_dagrun for badminton_flashscore to 2026-05-01 00:00:00+00:00, run_after=2026-05-02 00:00:00+00:00
[2026-05-01T14:49:49.599+0000] {processor.py:183} INFO - Processing /opt/airflow/dags/badminton_match_with_airflow/badminton_dag.py took 0.960 seconds
[2026-05-01T14:50:20.308+0000] {processor.py:161} INFO - Started process (PID=28391) to work on /opt/airflow/dags/badminton_match_with_airflow/badminton_dag.py
[2026-05-01T14:50:20.310+0000] {processor.py:830} INFO - Processing file /opt/airflow/dags/badminton_match_with_airflow/badminton_dag.py for tasks to queue
[2026-05-01T14:50:20.312+0000] {logging_mixin.py:188} INFO - [2026-05-01T14:50:20.311+0000] {dagbag.py:540} INFO - Filling up the DagBag from /opt/airflow/dags/badminton_match_with_airflow/badminton_dag.py
[2026-05-01T14:50:21.144+0000] {processor.py:840} INFO - DAG(s) 'badminton_flashscore' retrieved from /opt/airflow/dags/badminton_match_with_airflow/badminton_dag.py
[2026-05-01T14:50:21.170+0000] {logging_mixin.py:188} INFO - [2026-05-01T14:50:21.169+0000] {dag.py:3096} INFO - Sync 1 DAGs
[2026-05-01T14:50:21.199+0000] {logging_mixin.py:188} INFO - [2026-05-01T14:50:21.199+0000] {dag.py:3954} INFO - Setting next_dagrun for badminton_flashscore to 2026-05-01 00:00:00+00:00, run_after=2026-05-02 00:00:00+00:00
[2026-05-01T14:50:21.227+0000] {processor.py:183} INFO - Processing /opt/airflow/dags/badminton_match_with_airflow/badminton_dag.py took 0.931 seconds
[2026-05-01T14:50:52.048+0000] {processor.py:161} INFO - Started process (PID=28453) to work on /opt/airflow/dags/badminton_match_with_airflow/badminton_dag.py
[2026-05-01T14:50:52.049+0000] {processor.py:830} INFO - Processing file /opt/airflow/dags/badminton_match_with_airflow/badminton_dag.py for tasks to queue
[2026-05-01T14:50:52.051+0000] {logging_mixin.py:188} INFO - [2026-05-01T14:50:52.050+0000] {dagbag.py:540} INFO - Filling up the DagBag from /opt/airflow/dags/badminton_match_with_airflow/badminton_dag.py
[2026-05-01T14:50:53.002+0000] {processor.py:840} INFO - DAG(s) 'badminton_flashscore' retrieved from /opt/airflow/dags/badminton_match_with_airflow/badminton_dag.py
[2026-05-01T14:50:53.026+0000] {logging_mixin.py:188} INFO - [2026-05-01T14:50:53.026+0000] {dag.py:3096} INFO - Sync 1 DAGs
[2026-05-01T14:50:53.058+0000] {logging_mixin.py:188} INFO - [2026-05-01T14:50:53.058+0000] {dag.py:3954} INFO - Setting next_dagrun for badminton_flashscore to 2026-05-01 00:00:00+00:00, run_after=2026-05-02 00:00:00+00:00
[2026-05-01T14:50:53.086+0000] {processor.py:183} INFO - Processing /opt/airflow/dags/badminton_match_with_airflow/badminton_dag.py took 1.053 seconds
[2026-05-01T14:51:23.368+0000] {processor.py:161} INFO - Started process (PID=28516) to work on /opt/airflow/dags/badminton_match_with_airflow/badminton_dag.py
[2026-05-01T14:51:23.370+0000] {processor.py:830} INFO - Processing file /opt/airflow/dags/badminton_match_with_airflow/badminton_dag.py for tasks to queue
[2026-05-01T14:51:23.372+0000] {logging_mixin.py:188} INFO - [2026-05-01T14:51:23.371+0000] {dagbag.py:540} INFO - Filling up the DagBag from /opt/airflow/dags/badminton_match_with_airflow/badminton_dag.py
[2026-05-01T14:51:24.286+0000] {processor.py:840} INFO - DAG(s) 'badminton_flashscore' retrieved from /opt/airflow/dags/badminton_match_with_airflow/badminton_dag.py
[2026-05-01T14:51:24.314+0000] {logging_mixin.py:188} INFO - [2026-05-01T14:51:24.313+0000] {dag.py:3096} INFO - Sync 1 DAGs
[2026-05-01T14:51:24.345+0000] {logging_mixin.py:188} INFO - [2026-05-01T14:51:24.345+0000] {dag.py:3954} INFO - Setting next_dagrun for badminton_flashscore to 2026-05-01 00:00:00+00:00, run_after=2026-05-02 00:00:00+00:00
[2026-05-01T14:51:24.376+0000] {processor.py:183} INFO - Processing /opt/airflow/dags/badminton_match_with_airflow/badminton_dag.py took 1.021 seconds
[2026-05-01T14:51:54.712+0000] {processor.py:161} INFO - Started process (PID=28574) to work on /opt/airflow/dags/badminton_match_with_airflow/badminton_dag.py
[2026-05-01T14:51:54.714+0000] {processor.py:830} INFO - Processing file /opt/airflow/dags/badminton_match_with_airflow/badminton_dag.py for tasks to queue
[2026-05-01T14:51:54.716+0000] {logging_mixin.py:188} INFO - [2026-05-01T14:51:54.715+0000] {dagbag.py:540} INFO - Filling up the DagBag from /opt/airflow/dags/badminton_match_with_airflow/badminton_dag.py
[2026-05-01T14:51:55.596+0000] {processor.py:840} INFO - DAG(s) 'badminton_flashscore' retrieved from /opt/airflow/dags/badminton_match_with_airflow/badminton_dag.py
[2026-05-01T14:51:55.625+0000] {logging_mixin.py:188} INFO - [2026-05-01T14:51:55.624+0000] {dag.py:3096} INFO - Sync 1 DAGs
[2026-05-01T14:51:55.659+0000] {logging_mixin.py:188} INFO - [2026-05-01T14:51:55.658+0000] {dag.py:3954} INFO - Setting next_dagrun for badminton_flashscore to 2026-05-01 00:00:00+00:00, run_after=2026-05-02 00:00:00+00:00
[2026-05-01T14:51:55.688+0000] {processor.py:183} INFO - Processing /opt/airflow/dags/badminton_match_with_airflow/badminton_dag.py took 0.986 seconds
[2026-05-01T14:52:25.870+0000] {processor.py:161} INFO - Started process (PID=28636) to work on /opt/airflow/dags/badminton_match_with_airflow/badminton_dag.py
[2026-05-01T14:52:25.872+0000] {processor.py:830} INFO - Processing file /opt/airflow/dags/badminton_match_with_airflow/badminton_dag.py for tasks to queue
[2026-05-01T14:52:25.873+0000] {logging_mixin.py:188} INFO - [2026-05-01T14:52:25.873+0000] {dagbag.py:540} INFO - Filling up the DagBag from /opt/airflow/dags/badminton_match_with_airflow/badminton_dag.py
[2026-05-01T14:52:26.897+0000] {processor.py:840} INFO - DAG(s) 'badminton_flashscore' retrieved from /opt/airflow/dags/badminton_match_with_airflow/badminton_dag.py
[2026-05-01T14:52:26.925+0000] {logging_mixin.py:188} INFO - [2026-05-01T14:52:26.924+0000] {dag.py:3096} INFO - Sync 1 DAGs
[2026-05-01T14:52:26.955+0000] {logging_mixin.py:188} INFO - [2026-05-01T14:52:26.954+0000] {dag.py:3954} INFO - Setting next_dagrun for badminton_flashscore to 2026-05-01 00:00:00+00:00, run_after=2026-05-02 00:00:00+00:00
[2026-05-01T14:52:26.980+0000] {processor.py:183} INFO - Processing /opt/airflow/dags/badminton_match_with_airflow/badminton_dag.py took 1.123 seconds
[2026-05-01T14:52:57.748+0000] {processor.py:161} INFO - Started process (PID=28696) to work on /opt/airflow/dags/badminton_match_with_airflow/badminton_dag.py
[2026-05-01T14:52:57.750+0000] {processor.py:830} INFO - Processing file /opt/airflow/dags/badminton_match_with_airflow/badminton_dag.py for tasks to queue
[2026-05-01T14:52:57.752+0000] {logging_mixin.py:188} INFO - [2026-05-01T14:52:57.751+0000] {dagbag.py:540} INFO - Filling up the DagBag from /opt/airflow/dags/badminton_match_with_airflow/badminton_dag.py
[2026-05-01T14:52:58.576+0000] {processor.py:840} INFO - DAG(s) 'badminton_flashscore' retrieved from /opt/airflow/dags/badminton_match_with_airflow/badminton_dag.py
[2026-05-01T14:52:58.604+0000] {logging_mixin.py:188} INFO - [2026-05-01T14:52:58.603+0000] {dag.py:3096} INFO - Sync 1 DAGs
[2026-05-01T14:52:58.638+0000] {logging_mixin.py:188} INFO - [2026-05-01T14:52:58.637+0000] {dag.py:3954} INFO - Setting next_dagrun for badminton_flashscore to 2026-05-01 00:00:00+00:00, run_after=2026-05-02 00:00:00+00:00
[2026-05-01T14:52:58.667+0000] {processor.py:183} INFO - Processing /opt/airflow/dags/badminton_match_with_airflow/badminton_dag.py took 0.931 seconds
[2026-05-01T14:53:28.940+0000] {processor.py:161} INFO - Started process (PID=28761) to work on /opt/airflow/dags/badminton_match_with_airflow/badminton_dag.py
[2026-05-01T14:53:28.942+0000] {processor.py:830} INFO - Processing file /opt/airflow/dags/badminton_match_with_airflow/badminton_dag.py for tasks to queue
[2026-05-01T14:53:28.944+0000] {logging_mixin.py:188} INFO - [2026-05-01T14:53:28.944+0000] {dagbag.py:540} INFO - Filling up the DagBag from /opt/airflow/dags/badminton_match_with_airflow/badminton_dag.py
[2026-05-01T14:53:29.762+0000] {processor.py:840} INFO - DAG(s) 'badminton_flashscore' retrieved from /opt/airflow/dags/badminton_match_with_airflow/badminton_dag.py
[2026-05-01T14:53:29.790+0000] {logging_mixin.py:188} INFO - [2026-05-01T14:53:29.789+0000] {dag.py:3096} INFO - Sync 1 DAGs
[2026-05-01T14:53:29.823+0000] {logging_mixin.py:188} INFO - [2026-05-01T14:53:29.823+0000] {dag.py:3954} INFO - Setting next_dagrun for badminton_flashscore to 2026-05-01 00:00:00+00:00, run_after=2026-05-02 00:00:00+00:00
[2026-05-01T14:53:29.861+0000] {processor.py:183} INFO - Processing /opt/airflow/dags/badminton_match_with_airflow/badminton_dag.py took 0.933 seconds
[2026-05-01T14:54:00.587+0000] {processor.py:161} INFO - Started process (PID=28823) to work on /opt/airflow/dags/badminton_match_with_airflow/badminton_dag.py
[2026-05-01T14:54:00.588+0000] {processor.py:830} INFO - Processing file /opt/airflow/dags/badminton_match_with_airflow/badminton_dag.py for tasks to queue
[2026-05-01T14:54:00.590+0000] {logging_mixin.py:188} INFO - [2026-05-01T14:54:00.589+0000] {dagbag.py:540} INFO - Filling up the DagBag from /opt/airflow/dags/badminton_match_with_airflow/badminton_dag.py
[2026-05-01T14:54:01.517+0000] {processor.py:840} INFO - DAG(s) 'badminton_flashscore' retrieved from /opt/airflow/dags/badminton_match_with_airflow/badminton_dag.py
[2026-05-01T14:54:01.544+0000] {logging_mixin.py:188} INFO - [2026-05-01T14:54:01.544+0000] {dag.py:3096} INFO - Sync 1 DAGs
[2026-05-01T14:54:01.582+0000] {logging_mixin.py:188} INFO - [2026-05-01T14:54:01.582+0000] {dag.py:3954} INFO - Setting next_dagrun for badminton_flashscore to 2026-05-01 00:00:00+00:00, run_after=2026-05-02 00:00:00+00:00
[2026-05-01T14:54:01.622+0000] {processor.py:183} INFO - Processing /opt/airflow/dags/badminton_match_with_airflow/badminton_dag.py took 1.049 seconds
[2026-05-01T14:54:32.287+0000] {processor.py:161} INFO - Started process (PID=28885) to work on /opt/airflow/dags/badminton_match_with_airflow/badminton_dag.py
[2026-05-01T14:54:32.289+0000] {processor.py:830} INFO - Processing file /opt/airflow/dags/badminton_match_with_airflow/badminton_dag.py for tasks to queue
[2026-05-01T14:54:32.291+0000] {logging_mixin.py:188} INFO - [2026-05-01T14:54:32.290+0000] {dagbag.py:540} INFO - Filling up the DagBag from /opt/airflow/dags/badminton_match_with_airflow/badminton_dag.py
[2026-05-01T14:54:33.189+0000] {processor.py:840} INFO - DAG(s) 'badminton_flashscore' retrieved from /opt/airflow/dags/badminton_match_with_airflow/badminton_dag.py
[2026-05-01T14:54:33.221+0000] {logging_mixin.py:188} INFO - [2026-05-01T14:54:33.220+0000] {dag.py:3096} INFO - Sync 1 DAGs
[2026-05-01T14:54:33.260+0000] {logging_mixin.py:188} INFO - [2026-05-01T14:54:33.259+0000] {dag.py:3954} INFO - Setting next_dagrun for badminton_flashscore to 2026-05-01 00:00:00+00:00, run_after=2026-05-02 00:00:00+00:00
[2026-05-01T14:54:33.289+0000] {processor.py:183} INFO - Processing /opt/airflow/dags/badminton_match_with_airflow/badminton_dag.py took 1.014 seconds
[2026-05-01T14:55:04.073+0000] {processor.py:161} INFO - Started process (PID=28949) to work on /opt/airflow/dags/badminton_match_with_airflow/badminton_dag.py
[2026-05-01T14:55:04.075+0000] {processor.py:830} INFO - Processing file /opt/airflow/dags/badminton_match_with_airflow/badminton_dag.py for tasks to queue
[2026-05-01T14:55:04.077+0000] {logging_mixin.py:188} INFO - [2026-05-01T14:55:04.076+0000] {dagbag.py:540} INFO - Filling up the DagBag from /opt/airflow/dags/badminton_match_with_airflow/badminton_dag.py
[2026-05-01T14:55:04.960+0000] {processor.py:840} INFO - DAG(s) 'badminton_flashscore' retrieved from /opt/airflow/dags/badminton_match_with_airflow/badminton_dag.py
[2026-05-01T14:55:04.990+0000] {logging_mixin.py:188} INFO - [2026-05-01T14:55:04.989+0000] {dag.py:3096} INFO - Sync 1 DAGs
[2026-05-01T14:55:05.024+0000] {logging_mixin.py:188} INFO - [2026-05-01T14:55:05.024+0000] {dag.py:3954} INFO - Setting next_dagrun for badminton_flashscore to 2026-05-01 00:00:00+00:00, run_after=2026-05-02 00:00:00+00:00
[2026-05-01T14:55:05.060+0000] {processor.py:183} INFO - Processing /opt/airflow/dags/badminton_match_with_airflow/badminton_dag.py took 0.999 seconds
[2026-05-01T14:55:35.602+0000] {processor.py:161} INFO - Started process (PID=29009) to work on /opt/airflow/dags/badminton_match_with_airflow/badminton_dag.py
[2026-05-01T14:55:35.604+0000] {processor.py:830} INFO - Processing file /opt/airflow/dags/badminton_match_with_airflow/badminton_dag.py for tasks to queue
[2026-05-01T14:55:35.606+0000] {logging_mixin.py:188} INFO - [2026-05-01T14:55:35.605+0000] {dagbag.py:540} INFO - Filling up the DagBag from /opt/airflow/dags/badminton_match_with_airflow/badminton_dag.py
[2026-05-01T14:55:36.496+0000] {processor.py:840} INFO - DAG(s) 'badminton_flashscore' retrieved from /opt/airflow/dags/badminton_match_with_airflow/badminton_dag.py
[2026-05-01T14:55:36.524+0000] {logging_mixin.py:188} INFO - [2026-05-01T14:55:36.523+0000] {dag.py:3096} INFO - Sync 1 DAGs
[2026-05-01T14:55:36.558+0000] {logging_mixin.py:188} INFO - [2026-05-01T14:55:36.557+0000] {dag.py:3954} INFO - Setting next_dagrun for badminton_flashscore to 2026-05-01 00:00:00+00:00, run_after=2026-05-02 00:00:00+00:00
[2026-05-01T14:55:36.594+0000] {processor.py:183} INFO - Processing /opt/airflow/dags/badminton_match_with_airflow/badminton_dag.py took 1.005 seconds
[2026-05-01T14:56:07.314+0000] {processor.py:161} INFO - Started process (PID=29071) to work on /opt/airflow/dags/badminton_match_with_airflow/badminton_dag.py
[2026-05-01T14:56:07.316+0000] {processor.py:830} INFO - Processing file /opt/airflow/dags/badminton_match_with_airflow/badminton_dag.py for tasks to queue
[2026-05-01T14:56:07.317+0000] {logging_mixin.py:188} INFO - [2026-05-01T14:56:07.317+0000] {dagbag.py:540} INFO - Filling up the DagBag from /opt/airflow/dags/badminton_match_with_airflow/badminton_dag.py
[2026-05-01T14:56:08.330+0000] {processor.py:840} INFO - DAG(s) 'badminton_flashscore' retrieved from /opt/airflow/dags/badminton_match_with_airflow/badminton_dag.py
[2026-05-01T14:56:08.363+0000] {logging_mixin.py:188} INFO - [2026-05-01T14:56:08.362+0000] {dag.py:3096} INFO - Sync 1 DAGs
[2026-05-01T14:56:08.397+0000] {logging_mixin.py:188} INFO - [2026-05-01T14:56:08.397+0000] {dag.py:3954} INFO - Setting next_dagrun for badminton_flashscore to 2026-05-01 00:00:00+00:00, run_after=2026-05-02 00:00:00+00:00
[2026-05-01T14:56:08.426+0000] {processor.py:183} INFO - Processing /opt/airflow/dags/badminton_match_with_airflow/badminton_dag.py took 1.124 seconds
[2026-05-01T14:56:38.935+0000] {processor.py:161} INFO - Started process (PID=29134) to work on /opt/airflow/dags/badminton_match_with_airflow/badminton_dag.py
[2026-05-01T14:56:38.937+0000] {processor.py:830} INFO - Processing file /opt/airflow/dags/badminton_match_with_airflow/badminton_dag.py for tasks to queue
[2026-05-01T14:56:38.938+0000] {logging_mixin.py:188} INFO - [2026-05-01T14:56:38.938+0000] {dagbag.py:540} INFO - Filling up the DagBag from /opt/airflow/dags/badminton_match_with_airflow/badminton_dag.py
[2026-05-01T14:56:39.611+0000] {processor.py:840} INFO - DAG(s) 'badminton_flashscore' retrieved from /opt/airflow/dags/badminton_match_with_airflow/badminton_dag.py
[2026-05-01T14:56:39.643+0000] {logging_mixin.py:188} INFO - [2026-05-01T14:56:39.642+0000] {dag.py:3096} INFO - Sync 1 DAGs
[2026-05-01T14:56:39.682+0000] {logging_mixin.py:188} INFO - [2026-05-01T14:56:39.681+0000] {dag.py:3954} INFO - Setting next_dagrun for badminton_flashscore to 2026-05-01 00:00:00+00:00, run_after=2026-05-02 00:00:00+00:00
[2026-05-01T14:56:39.711+0000] {processor.py:183} INFO - Processing /opt/airflow/dags/badminton_match_with_airflow/badminton_dag.py took 0.790 seconds
[2026-05-01T14:57:10.012+0000] {processor.py:161} INFO - Started process (PID=29197) to work on /opt/airflow/dags/badminton_match_with_airflow/badminton_dag.py
[2026-05-01T14:57:10.014+0000] {processor.py:830} INFO - Processing file /opt/airflow/dags/badminton_match_with_airflow/badminton_dag.py for tasks to queue
[2026-05-01T14:57:10.015+0000] {logging_mixin.py:188} INFO - [2026-05-01T14:57:10.015+0000] {dagbag.py:540} INFO - Filling up the DagBag from /opt/airflow/dags/badminton_match_with_airflow/badminton_dag.py
[2026-05-01T14:57:10.620+0000] {processor.py:840} INFO - DAG(s) 'badminton_flashscore' retrieved from /opt/airflow/dags/badminton_match_with_airflow/badminton_dag.py
[2026-05-01T14:57:10.650+0000] {logging_mixin.py:188} INFO - [2026-05-01T14:57:10.650+0000] {dag.py:3096} INFO - Sync 1 DAGs
[2026-05-01T14:57:10.688+0000] {logging_mixin.py:188} INFO - [2026-05-01T14:57:10.687+0000] {dag.py:3954} INFO - Setting next_dagrun for badminton_flashscore to 2026-05-01 00:00:00+00:00, run_after=2026-05-02 00:00:00+00:00
[2026-05-01T14:57:10.715+0000] {processor.py:183} INFO - Processing /opt/airflow/dags/badminton_match_with_airflow/badminton_dag.py took 0.715 seconds
[2026-05-01T14:57:41.743+0000] {processor.py:161} INFO - Started process (PID=29259) to work on /opt/airflow/dags/badminton_match_with_airflow/badminton_dag.py
[2026-05-01T14:57:41.745+0000] {processor.py:830} INFO - Processing file /opt/airflow/dags/badminton_match_with_airflow/badminton_dag.py for tasks to queue
[2026-05-01T14:57:41.747+0000] {logging_mixin.py:188} INFO - [2026-05-01T14:57:41.746+0000] {dagbag.py:540} INFO - Filling up the DagBag from /opt/airflow/dags/badminton_match_with_airflow/badminton_dag.py
[2026-05-01T14:57:42.357+0000] {processor.py:840} INFO - DAG(s) 'badminton_flashscore' retrieved from /opt/airflow/dags/badminton_match_with_airflow/badminton_dag.py
[2026-05-01T14:57:42.389+0000] {logging_mixin.py:188} INFO - [2026-05-01T14:57:42.388+0000] {dag.py:3096} INFO - Sync 1 DAGs
[2026-05-01T14:57:42.432+0000] {logging_mixin.py:188} INFO - [2026-05-01T14:57:42.431+0000] {dag.py:3954} INFO - Setting next_dagrun for badminton_flashscore to 2026-05-01 00:00:00+00:00, run_after=2026-05-02 00:00:00+00:00
[2026-05-01T14:57:42.462+0000] {processor.py:183} INFO - Processing /opt/airflow/dags/badminton_match_with_airflow/badminton_dag.py took 0.731 seconds
[2026-05-01T14:58:12.603+0000] {processor.py:161} INFO - Started process (PID=29319) to work on /opt/airflow/dags/badminton_match_with_airflow/badminton_dag.py
[2026-05-01T14:58:12.605+0000] {processor.py:830} INFO - Processing file /opt/airflow/dags/badminton_match_with_airflow/badminton_dag.py for tasks to queue
[2026-05-01T14:58:12.606+0000] {logging_mixin.py:188} INFO - [2026-05-01T14:58:12.606+0000] {dagbag.py:540} INFO - Filling up the DagBag from /opt/airflow/dags/badminton_match_with_airflow/badminton_dag.py
[2026-05-01T14:58:13.245+0000] {processor.py:840} INFO - DAG(s) 'badminton_flashscore' retrieved from /opt/airflow/dags/badminton_match_with_airflow/badminton_dag.py
[2026-05-01T14:58:13.277+0000] {logging_mixin.py:188} INFO - [2026-05-01T14:58:13.276+0000] {dag.py:3096} INFO - Sync 1 DAGs
[2026-05-01T14:58:13.316+0000] {logging_mixin.py:188} INFO - [2026-05-01T14:58:13.315+0000] {dag.py:3954} INFO - Setting next_dagrun for badminton_flashscore to 2026-05-01 00:00:00+00:00, run_after=2026-05-02 00:00:00+00:00
[2026-05-01T14:58:13.354+0000] {processor.py:183} INFO - Processing /opt/airflow/dags/badminton_match_with_airflow/badminton_dag.py took 0.766 seconds
[2026-05-01T14:58:44.279+0000] {processor.py:161} INFO - Started process (PID=29382) to work on /opt/airflow/dags/badminton_match_with_airflow/badminton_dag.py
[2026-05-01T14:58:44.281+0000] {processor.py:830} INFO - Processing file /opt/airflow/dags/badminton_match_with_airflow/badminton_dag.py for tasks to queue
[2026-05-01T14:58:44.283+0000] {logging_mixin.py:188} INFO - [2026-05-01T14:58:44.283+0000] {dagbag.py:540} INFO - Filling up the DagBag from /opt/airflow/dags/badminton_match_with_airflow/badminton_dag.py
[2026-05-01T14:58:44.913+0000] {processor.py:840} INFO - DAG(s) 'badminton_flashscore' retrieved from /opt/airflow/dags/badminton_match_with_airflow/badminton_dag.py
[2026-05-01T14:58:44.950+0000] {logging_mixin.py:188} INFO - [2026-05-01T14:58:44.949+0000] {dag.py:3096} INFO - Sync 1 DAGs
[2026-05-01T14:58:44.993+0000] {logging_mixin.py:188} INFO - [2026-05-01T14:58:44.993+0000] {dag.py:3954} INFO - Setting next_dagrun for badminton_flashscore to 2026-05-01 00:00:00+00:00, run_after=2026-05-02 00:00:00+00:00
[2026-05-01T14:58:45.030+0000] {processor.py:183} INFO - Processing /opt/airflow/dags/badminton_match_with_airflow/badminton_dag.py took 0.765 seconds
[2026-05-01T14:59:15.460+0000] {processor.py:161} INFO - Started process (PID=29442) to work on /opt/airflow/dags/badminton_match_with_airflow/badminton_dag.py
[2026-05-01T14:59:15.462+0000] {processor.py:830} INFO - Processing file /opt/airflow/dags/badminton_match_with_airflow/badminton_dag.py for tasks to queue
[2026-05-01T14:59:15.464+0000] {logging_mixin.py:188} INFO - [2026-05-01T14:59:15.464+0000] {dagbag.py:540} INFO - Filling up the DagBag from /opt/airflow/dags/badminton_match_with_airflow/badminton_dag.py
[2026-05-01T14:59:16.190+0000] {processor.py:840} INFO - DAG(s) 'badminton_flashscore' retrieved from /opt/airflow/dags/badminton_match_with_airflow/badminton_dag.py
[2026-05-01T14:59:16.223+0000] {logging_mixin.py:188} INFO - [2026-05-01T14:59:16.222+0000] {dag.py:3096} INFO - Sync 1 DAGs
[2026-05-01T14:59:16.262+0000] {logging_mixin.py:188} INFO - [2026-05-01T14:59:16.262+0000] {dag.py:3954} INFO - Setting next_dagrun for badminton_flashscore to 2026-05-01 00:00:00+00:00, run_after=2026-05-02 00:00:00+00:00
[2026-05-01T14:59:16.292+0000] {processor.py:183} INFO - Processing /opt/airflow/dags/badminton_match_with_airflow/badminton_dag.py took 0.845 seconds
[2026-05-01T14:59:46.489+0000] {processor.py:161} INFO - Started process (PID=29502) to work on /opt/airflow/dags/badminton_match_with_airflow/badminton_dag.py
[2026-05-01T14:59:46.491+0000] {processor.py:830} INFO - Processing file /opt/airflow/dags/badminton_match_with_airflow/badminton_dag.py for tasks to queue
[2026-05-01T14:59:46.493+0000] {logging_mixin.py:188} INFO - [2026-05-01T14:59:46.493+0000] {dagbag.py:540} INFO - Filling up the DagBag from /opt/airflow/dags/badminton_match_with_airflow/badminton_dag.py
[2026-05-01T14:59:47.300+0000] {processor.py:840} INFO - DAG(s) 'badminton_flashscore' retrieved from /opt/airflow/dags/badminton_match_with_airflow/badminton_dag.py
[2026-05-01T14:59:47.334+0000] {logging_mixin.py:188} INFO - [2026-05-01T14:59:47.333+0000] {dag.py:3096} INFO - Sync 1 DAGs
[2026-05-01T14:59:47.376+0000] {logging_mixin.py:188} INFO - [2026-05-01T14:59:47.375+0000] {dag.py:3954} INFO - Setting next_dagrun for badminton_flashscore to 2026-05-01 00:00:00+00:00, run_after=2026-05-02 00:00:00+00:00
[2026-05-01T14:59:47.413+0000] {processor.py:183} INFO - Processing /opt/airflow/dags/badminton_match_with_airflow/badminton_dag.py took 0.941 seconds
[2026-05-01T15:00:17.840+0000] {processor.py:161} INFO - Started process (PID=29568) to work on /opt/airflow/dags/badminton_match_with_airflow/badminton_dag.py
[2026-05-01T15:00:17.842+0000] {processor.py:830} INFO - Processing file /opt/airflow/dags/badminton_match_with_airflow/badminton_dag.py for tasks to queue
[2026-05-01T15:00:17.844+0000] {logging_mixin.py:188} INFO - [2026-05-01T15:00:17.843+0000] {dagbag.py:540} INFO - Filling up the DagBag from /opt/airflow/dags/badminton_match_with_airflow/badminton_dag.py
[2026-05-01T15:00:18.509+0000] {processor.py:840} INFO - DAG(s) 'badminton_flashscore' retrieved from /opt/airflow/dags/badminton_match_with_airflow/badminton_dag.py
[2026-05-01T15:00:18.544+0000] {logging_mixin.py:188} INFO - [2026-05-01T15:00:18.544+0000] {dag.py:3096} INFO - Sync 1 DAGs
[2026-05-01T15:00:18.585+0000] {logging_mixin.py:188} INFO - [2026-05-01T15:00:18.584+0000] {dag.py:3954} INFO - Setting next_dagrun for badminton_flashscore to 2026-05-01 00:00:00+00:00, run_after=2026-05-02 00:00:00+00:00
[2026-05-01T15:00:18.619+0000] {processor.py:183} INFO - Processing /opt/airflow/dags/badminton_match_with_airflow/badminton_dag.py took 0.792 seconds
[2026-05-01T15:00:48.835+0000] {processor.py:161} INFO - Started process (PID=29630) to work on /opt/airflow/dags/badminton_match_with_airflow/badminton_dag.py
[2026-05-01T15:00:48.837+0000] {processor.py:830} INFO - Processing file /opt/airflow/dags/badminton_match_with_airflow/badminton_dag.py for tasks to queue
[2026-05-01T15:00:48.839+0000] {logging_mixin.py:188} INFO - [2026-05-01T15:00:48.838+0000] {dagbag.py:540} INFO - Filling up the DagBag from /opt/airflow/dags/badminton_match_with_airflow/badminton_dag.py
[2026-05-01T15:00:49.507+0000] {processor.py:840} INFO - DAG(s) 'badminton_flashscore' retrieved from /opt/airflow/dags/badminton_match_with_airflow/badminton_dag.py
[2026-05-01T15:00:49.542+0000] {logging_mixin.py:188} INFO - [2026-05-01T15:00:49.541+0000] {dag.py:3096} INFO - Sync 1 DAGs
[2026-05-01T15:00:49.582+0000] {logging_mixin.py:188} INFO - [2026-05-01T15:00:49.581+0000] {dag.py:3954} INFO - Setting next_dagrun for badminton_flashscore to 2026-05-01 00:00:00+00:00, run_after=2026-05-02 00:00:00+00:00
[2026-05-01T15:00:49.617+0000] {processor.py:183} INFO - Processing /opt/airflow/dags/badminton_match_with_airflow/badminton_dag.py took 0.793 seconds
[2026-05-01T15:01:20.185+0000] {processor.py:161} INFO - Started process (PID=29690) to work on /opt/airflow/dags/badminton_match_with_airflow/badminton_dag.py
[2026-05-01T15:01:20.187+0000] {processor.py:830} INFO - Processing file /opt/airflow/dags/badminton_match_with_airflow/badminton_dag.py for tasks to queue
[2026-05-01T15:01:20.189+0000] {logging_mixin.py:188} INFO - [2026-05-01T15:01:20.188+0000] {dagbag.py:540} INFO - Filling up the DagBag from /opt/airflow/dags/badminton_match_with_airflow/badminton_dag.py
[2026-05-01T15:01:20.885+0000] {processor.py:840} INFO - DAG(s) 'badminton_flashscore' retrieved from /opt/airflow/dags/badminton_match_with_airflow/badminton_dag.py
[2026-05-01T15:01:20.922+0000] {logging_mixin.py:188} INFO - [2026-05-01T15:01:20.921+0000] {dag.py:3096} INFO - Sync 1 DAGs
[2026-05-01T15:01:20.972+0000] {logging_mixin.py:188} INFO - [2026-05-01T15:01:20.972+0000] {dag.py:3954} INFO - Setting next_dagrun for badminton_flashscore to 2026-05-01 00:00:00+00:00, run_after=2026-05-02 00:00:00+00:00
[2026-05-01T15:01:21.019+0000] {processor.py:183} INFO - Processing /opt/airflow/dags/badminton_match_with_airflow/badminton_dag.py took 0.851 seconds
[2026-05-01T15:01:51.779+0000] {processor.py:161} INFO - Started process (PID=29752) to work on /opt/airflow/dags/badminton_match_with_airflow/badminton_dag.py
[2026-05-01T15:01:51.781+0000] {processor.py:830} INFO - Processing file /opt/airflow/dags/badminton_match_with_airflow/badminton_dag.py for tasks to queue
[2026-05-01T15:01:51.782+0000] {logging_mixin.py:188} INFO - [2026-05-01T15:01:51.782+0000] {dagbag.py:540} INFO - Filling up the DagBag from /opt/airflow/dags/badminton_match_with_airflow/badminton_dag.py
[2026-05-01T15:01:52.442+0000] {processor.py:840} INFO - DAG(s) 'badminton_flashscore' retrieved from /opt/airflow/dags/badminton_match_with_airflow/badminton_dag.py
[2026-05-01T15:01:52.479+0000] {logging_mixin.py:188} INFO - [2026-05-01T15:01:52.479+0000] {dag.py:3096} INFO - Sync 1 DAGs
[2026-05-01T15:01:52.528+0000] {logging_mixin.py:188} INFO - [2026-05-01T15:01:52.527+0000] {dag.py:3954} INFO - Setting next_dagrun for badminton_flashscore to 2026-05-01 00:00:00+00:00, run_after=2026-05-02 00:00:00+00:00
[2026-05-01T15:01:52.562+0000] {processor.py:183} INFO - Processing /opt/airflow/dags/badminton_match_with_airflow/badminton_dag.py took 0.796 seconds
[2026-05-01T15:02:22.761+0000] {processor.py:161} INFO - Started process (PID=29815) to work on /opt/airflow/dags/badminton_match_with_airflow/badminton_dag.py
[2026-05-01T15:02:22.763+0000] {processor.py:830} INFO - Processing file /opt/airflow/dags/badminton_match_with_airflow/badminton_dag.py for tasks to queue
[2026-05-01T15:02:22.765+0000] {logging_mixin.py:188} INFO - [2026-05-01T15:02:22.765+0000] {dagbag.py:540} INFO - Filling up the DagBag from /opt/airflow/dags/badminton_match_with_airflow/badminton_dag.py
[2026-05-01T15:02:23.354+0000] {processor.py:840} INFO - DAG(s) 'badminton_flashscore' retrieved from /opt/airflow/dags/badminton_match_with_airflow/badminton_dag.py
[2026-05-01T15:02:23.391+0000] {logging_mixin.py:188} INFO - [2026-05-01T15:02:23.390+0000] {dag.py:3096} INFO - Sync 1 DAGs
[2026-05-01T15:02:23.434+0000] {logging_mixin.py:188} INFO - [2026-05-01T15:02:23.434+0000] {dag.py:3954} INFO - Setting next_dagrun for badminton_flashscore to 2026-05-01 00:00:00+00:00, run_after=2026-05-02 00:00:00+00:00
[2026-05-01T15:02:23.464+0000] {processor.py:183} INFO - Processing /opt/airflow/dags/badminton_match_with_airflow/badminton_dag.py took 0.716 seconds
[2026-05-01T15:02:53.738+0000] {processor.py:161} INFO - Started process (PID=29876) to work on /opt/airflow/dags/badminton_match_with_airflow/badminton_dag.py
[2026-05-01T15:02:53.740+0000] {processor.py:830} INFO - Processing file /opt/airflow/dags/badminton_match_with_airflow/badminton_dag.py for tasks to queue
[2026-05-01T15:02:53.742+0000] {logging_mixin.py:188} INFO - [2026-05-01T15:02:53.741+0000] {dagbag.py:540} INFO - Filling up the DagBag from /opt/airflow/dags/badminton_match_with_airflow/badminton_dag.py
[2026-05-01T15:02:54.450+0000] {processor.py:840} INFO - DAG(s) 'badminton_flashscore' retrieved from /opt/airflow/dags/badminton_match_with_airflow/badminton_dag.py
[2026-05-01T15:02:54.489+0000] {logging_mixin.py:188} INFO - [2026-05-01T15:02:54.489+0000] {dag.py:3096} INFO - Sync 1 DAGs
[2026-05-01T15:02:54.539+0000] {logging_mixin.py:188} INFO - [2026-05-01T15:02:54.539+0000] {dag.py:3954} INFO - Setting next_dagrun for badminton_flashscore to 2026-05-01 00:00:00+00:00, run_after=2026-05-02 00:00:00+00:00
[2026-05-01T15:02:54.576+0000] {processor.py:183} INFO - Processing /opt/airflow/dags/badminton_match_with_airflow/badminton_dag.py took 0.851 seconds
[2026-05-01T15:03:25.150+0000] {processor.py:161} INFO - Started process (PID=29936) to work on /opt/airflow/dags/badminton_match_with_airflow/badminton_dag.py
[2026-05-01T15:03:25.152+0000] {processor.py:830} INFO - Processing file /opt/airflow/dags/badminton_match_with_airflow/badminton_dag.py for tasks to queue
[2026-05-01T15:03:25.154+0000] {logging_mixin.py:188} INFO - [2026-05-01T15:03:25.153+0000] {dagbag.py:540} INFO - Filling up the DagBag from /opt/airflow/dags/badminton_match_with_airflow/badminton_dag.py
[2026-05-01T15:03:25.776+0000] {processor.py:840} INFO - DAG(s) 'badminton_flashscore' retrieved from /opt/airflow/dags/badminton_match_with_airflow/badminton_dag.py
[2026-05-01T15:03:25.809+0000] {logging_mixin.py:188} INFO - [2026-05-01T15:03:25.809+0000] {dag.py:3096} INFO - Sync 1 DAGs
[2026-05-01T15:03:25.853+0000] {logging_mixin.py:188} INFO - [2026-05-01T15:03:25.853+0000] {dag.py:3954} INFO - Setting next_dagrun for badminton_flashscore to 2026-05-01 00:00:00+00:00, run_after=2026-05-02 00:00:00+00:00
[2026-05-01T15:03:25.885+0000] {processor.py:183} INFO - Processing /opt/airflow/dags/badminton_match_with_airflow/badminton_dag.py took 0.747 seconds
[2026-05-01T15:03:56.288+0000] {processor.py:161} INFO - Started process (PID=29999) to work on /opt/airflow/dags/badminton_match_with_airflow/badminton_dag.py
[2026-05-01T15:03:56.290+0000] {processor.py:830} INFO - Processing file /opt/airflow/dags/badminton_match_with_airflow/badminton_dag.py for tasks to queue
[2026-05-01T15:03:56.291+0000] {logging_mixin.py:188} INFO - [2026-05-01T15:03:56.291+0000] {dagbag.py:540} INFO - Filling up the DagBag from /opt/airflow/dags/badminton_match_with_airflow/badminton_dag.py
[2026-05-01T15:03:56.912+0000] {processor.py:840} INFO - DAG(s) 'badminton_flashscore' retrieved from /opt/airflow/dags/badminton_match_with_airflow/badminton_dag.py
[2026-05-01T15:03:56.944+0000] {logging_mixin.py:188} INFO - [2026-05-01T15:03:56.943+0000] {dag.py:3096} INFO - Sync 1 DAGs
[2026-05-01T15:03:56.981+0000] {logging_mixin.py:188} INFO - [2026-05-01T15:03:56.981+0000] {dag.py:3954} INFO - Setting next_dagrun for badminton_flashscore to 2026-05-01 00:00:00+00:00, run_after=2026-05-02 00:00:00+00:00
[2026-05-01T15:03:57.018+0000] {processor.py:183} INFO - Processing /opt/airflow/dags/badminton_match_with_airflow/badminton_dag.py took 0.743 seconds
[2026-05-01T15:04:27.561+0000] {processor.py:161} INFO - Started process (PID=30057) to work on /opt/airflow/dags/badminton_match_with_airflow/badminton_dag.py
[2026-05-01T15:04:27.563+0000] {processor.py:830} INFO - Processing file /opt/airflow/dags/badminton_match_with_airflow/badminton_dag.py for tasks to queue
[2026-05-01T15:04:27.565+0000] {logging_mixin.py:188} INFO - [2026-05-01T15:04:27.564+0000] {dagbag.py:540} INFO - Filling up the DagBag from /opt/airflow/dags/badminton_match_with_airflow/badminton_dag.py
[2026-05-01T15:04:28.254+0000] {processor.py:840} INFO - DAG(s) 'badminton_flashscore' retrieved from /opt/airflow/dags/badminton_match_with_airflow/badminton_dag.py
[2026-05-01T15:04:28.292+0000] {logging_mixin.py:188} INFO - [2026-05-01T15:04:28.292+0000] {dag.py:3096} INFO - Sync 1 DAGs
[2026-05-01T15:04:28.340+0000] {logging_mixin.py:188} INFO - [2026-05-01T15:04:28.339+0000] {dag.py:3954} INFO - Setting next_dagrun for badminton_flashscore to 2026-05-01 00:00:00+00:00, run_after=2026-05-02 00:00:00+00:00
[2026-05-01T15:04:28.379+0000] {processor.py:183} INFO - Processing /opt/airflow/dags/badminton_match_with_airflow/badminton_dag.py took 0.830 seconds
[2026-05-01T15:04:59.219+0000] {processor.py:161} INFO - Started process (PID=30118) to work on /opt/airflow/dags/badminton_match_with_airflow/badminton_dag.py
[2026-05-01T15:04:59.221+0000] {processor.py:830} INFO - Processing file /opt/airflow/dags/badminton_match_with_airflow/badminton_dag.py for tasks to queue
[2026-05-01T15:04:59.223+0000] {logging_mixin.py:188} INFO - [2026-05-01T15:04:59.222+0000] {dagbag.py:540} INFO - Filling up the DagBag from /opt/airflow/dags/badminton_match_with_airflow/badminton_dag.py
[2026-05-01T15:04:59.872+0000] {processor.py:840} INFO - DAG(s) 'badminton_flashscore' retrieved from /opt/airflow/dags/badminton_match_with_airflow/badminton_dag.py
[2026-05-01T15:04:59.911+0000] {logging_mixin.py:188} INFO - [2026-05-01T15:04:59.911+0000] {dag.py:3096} INFO - Sync 1 DAGs
[2026-05-01T15:04:59.953+0000] {logging_mixin.py:188} INFO - [2026-05-01T15:04:59.952+0000] {dag.py:3954} INFO - Setting next_dagrun for badminton_flashscore to 2026-05-01 00:00:00+00:00, run_after=2026-05-02 00:00:00+00:00
[2026-05-01T15:04:59.996+0000] {processor.py:183} INFO - Processing /opt/airflow/dags/badminton_match_with_airflow/badminton_dag.py took 0.789 seconds
[2026-05-01T15:05:30.365+0000] {processor.py:161} INFO - Started process (PID=30178) to work on /opt/airflow/dags/badminton_match_with_airflow/badminton_dag.py
[2026-05-01T15:05:30.367+0000] {processor.py:830} INFO - Processing file /opt/airflow/dags/badminton_match_with_airflow/badminton_dag.py for tasks to queue
[2026-05-01T15:05:30.369+0000] {logging_mixin.py:188} INFO - [2026-05-01T15:05:30.368+0000] {dagbag.py:540} INFO - Filling up the DagBag from /opt/airflow/dags/badminton_match_with_airflow/badminton_dag.py
[2026-05-01T15:05:31.055+0000] {processor.py:840} INFO - DAG(s) 'badminton_flashscore' retrieved from /opt/airflow/dags/badminton_match_with_airflow/badminton_dag.py
[2026-05-01T15:05:31.088+0000] {logging_mixin.py:188} INFO - [2026-05-01T15:05:31.087+0000] {dag.py:3096} INFO - Sync 1 DAGs
[2026-05-01T15:05:31.127+0000] {logging_mixin.py:188} INFO - [2026-05-01T15:05:31.127+0000] {dag.py:3954} INFO - Setting next_dagrun for badminton_flashscore to 2026-05-01 00:00:00+00:00, run_after=2026-05-02 00:00:00+00:00
[2026-05-01T15:05:31.163+0000] {processor.py:183} INFO - Processing /opt/airflow/dags/badminton_match_with_airflow/badminton_dag.py took 0.814 seconds
[2026-05-01T15:06:02.049+0000] {processor.py:161} INFO - Started process (PID=30238) to work on /opt/airflow/dags/badminton_match_with_airflow/badminton_dag.py
[2026-05-01T15:06:02.051+0000] {processor.py:830} INFO - Processing file /opt/airflow/dags/badminton_match_with_airflow/badminton_dag.py for tasks to queue
[2026-05-01T15:06:02.053+0000] {logging_mixin.py:188} INFO - [2026-05-01T15:06:02.052+0000] {dagbag.py:540} INFO - Filling up the DagBag from /opt/airflow/dags/badminton_match_with_airflow/badminton_dag.py
[2026-05-01T15:06:02.791+0000] {processor.py:840} INFO - DAG(s) 'badminton_flashscore' retrieved from /opt/airflow/dags/badminton_match_with_airflow/badminton_dag.py
[2026-05-01T15:06:02.843+0000] {logging_mixin.py:188} INFO - [2026-05-01T15:06:02.842+0000] {dag.py:3096} INFO - Sync 1 DAGs
[2026-05-01T15:06:02.897+0000] {logging_mixin.py:188} INFO - [2026-05-01T15:06:02.897+0000] {dag.py:3954} INFO - Setting next_dagrun for badminton_flashscore to 2026-05-01 00:00:00+00:00, run_after=2026-05-02 00:00:00+00:00
[2026-05-01T15:06:02.946+0000] {processor.py:183} INFO - Processing /opt/airflow/dags/badminton_match_with_airflow/badminton_dag.py took 0.908 seconds
[2026-05-01T15:06:33.323+0000] {processor.py:161} INFO - Started process (PID=30298) to work on /opt/airflow/dags/badminton_match_with_airflow/badminton_dag.py
[2026-05-01T15:06:33.325+0000] {processor.py:830} INFO - Processing file /opt/airflow/dags/badminton_match_with_airflow/badminton_dag.py for tasks to queue
[2026-05-01T15:06:33.327+0000] {logging_mixin.py:188} INFO - [2026-05-01T15:06:33.326+0000] {dagbag.py:540} INFO - Filling up the DagBag from /opt/airflow/dags/badminton_match_with_airflow/badminton_dag.py
[2026-05-01T15:06:33.954+0000] {processor.py:840} INFO - DAG(s) 'badminton_flashscore' retrieved from /opt/airflow/dags/badminton_match_with_airflow/badminton_dag.py
[2026-05-01T15:06:33.991+0000] {logging_mixin.py:188} INFO - [2026-05-01T15:06:33.990+0000] {dag.py:3096} INFO - Sync 1 DAGs
[2026-05-01T15:06:34.034+0000] {logging_mixin.py:188} INFO - [2026-05-01T15:06:34.033+0000] {dag.py:3954} INFO - Setting next_dagrun for badminton_flashscore to 2026-05-01 00:00:00+00:00, run_after=2026-05-02 00:00:00+00:00
[2026-05-01T15:06:34.072+0000] {processor.py:183} INFO - Processing /opt/airflow/dags/badminton_match_with_airflow/badminton_dag.py took 0.761 seconds
[2026-05-01T15:07:04.367+0000] {processor.py:161} INFO - Started process (PID=30360) to work on /opt/airflow/dags/badminton_match_with_airflow/badminton_dag.py
[2026-05-01T15:07:04.369+0000] {processor.py:830} INFO - Processing file /opt/airflow/dags/badminton_match_with_airflow/badminton_dag.py for tasks to queue
[2026-05-01T15:07:04.371+0000] {logging_mixin.py:188} INFO - [2026-05-01T15:07:04.370+0000] {dagbag.py:540} INFO - Filling up the DagBag from /opt/airflow/dags/badminton_match_with_airflow/badminton_dag.py
[2026-05-01T15:07:05.055+0000] {processor.py:840} INFO - DAG(s) 'badminton_flashscore' retrieved from /opt/airflow/dags/badminton_match_with_airflow/badminton_dag.py
[2026-05-01T15:07:05.096+0000] {logging_mixin.py:188} INFO - [2026-05-01T15:07:05.095+0000] {dag.py:3096} INFO - Sync 1 DAGs
[2026-05-01T15:07:05.146+0000] {logging_mixin.py:188} INFO - [2026-05-01T15:07:05.145+0000] {dag.py:3954} INFO - Setting next_dagrun for badminton_flashscore to 2026-05-01 00:00:00+00:00, run_after=2026-05-02 00:00:00+00:00
[2026-05-01T15:07:05.203+0000] {processor.py:183} INFO - Processing /opt/airflow/dags/badminton_match_with_airflow/badminton_dag.py took 0.847 seconds
[2026-05-01T15:07:35.762+0000] {processor.py:161} INFO - Started process (PID=30421) to work on /opt/airflow/dags/badminton_match_with_airflow/badminton_dag.py
[2026-05-01T15:07:35.764+0000] {processor.py:830} INFO - Processing file /opt/airflow/dags/badminton_match_with_airflow/badminton_dag.py for tasks to queue
[2026-05-01T15:07:35.766+0000] {logging_mixin.py:188} INFO - [2026-05-01T15:07:35.765+0000] {dagbag.py:540} INFO - Filling up the DagBag from /opt/airflow/dags/badminton_match_with_airflow/badminton_dag.py
[2026-05-01T15:07:36.405+0000] {processor.py:840} INFO - DAG(s) 'badminton_flashscore' retrieved from /opt/airflow/dags/badminton_match_with_airflow/badminton_dag.py
[2026-05-01T15:07:36.441+0000] {logging_mixin.py:188} INFO - [2026-05-01T15:07:36.441+0000] {dag.py:3096} INFO - Sync 1 DAGs
[2026-05-01T15:07:36.485+0000] {logging_mixin.py:188} INFO - [2026-05-01T15:07:36.485+0000] {dag.py:3954} INFO - Setting next_dagrun for badminton_flashscore to 2026-05-01 00:00:00+00:00, run_after=2026-05-02 00:00:00+00:00
[2026-05-01T15:07:36.528+0000] {processor.py:183} INFO - Processing /opt/airflow/dags/badminton_match_with_airflow/badminton_dag.py took 0.779 seconds
[2026-05-01T15:08:07.405+0000] {processor.py:161} INFO - Started process (PID=30483) to work on /opt/airflow/dags/badminton_match_with_airflow/badminton_dag.py
[2026-05-01T15:08:07.408+0000] {processor.py:830} INFO - Processing file /opt/airflow/dags/badminton_match_with_airflow/badminton_dag.py for tasks to queue
[2026-05-01T15:08:07.413+0000] {logging_mixin.py:188} INFO - [2026-05-01T15:08:07.410+0000] {dagbag.py:540} INFO - Filling up the DagBag from /opt/airflow/dags/badminton_match_with_airflow/badminton_dag.py
[2026-05-01T15:08:08.151+0000] {processor.py:840} INFO - DAG(s) 'badminton_flashscore' retrieved from /opt/airflow/dags/badminton_match_with_airflow/badminton_dag.py
[2026-05-01T15:08:08.187+0000] {logging_mixin.py:188} INFO - [2026-05-01T15:08:08.186+0000] {dag.py:3096} INFO - Sync 1 DAGs
[2026-05-01T15:08:08.226+0000] {logging_mixin.py:188} INFO - [2026-05-01T15:08:08.226+0000] {dag.py:3954} INFO - Setting next_dagrun for badminton_flashscore to 2026-05-01 00:00:00+00:00, run_after=2026-05-02 00:00:00+00:00
[2026-05-01T15:08:08.258+0000] {processor.py:183} INFO - Processing /opt/airflow/dags/badminton_match_with_airflow/badminton_dag.py took 0.878 seconds
[2026-05-01T15:08:38.510+0000] {processor.py:161} INFO - Started process (PID=30546) to work on /opt/airflow/dags/badminton_match_with_airflow/badminton_dag.py
[2026-05-01T15:08:38.512+0000] {processor.py:830} INFO - Processing file /opt/airflow/dags/badminton_match_with_airflow/badminton_dag.py for tasks to queue
[2026-05-01T15:08:38.514+0000] {logging_mixin.py:188} INFO - [2026-05-01T15:08:38.513+0000] {dagbag.py:540} INFO - Filling up the DagBag from /opt/airflow/dags/badminton_match_with_airflow/badminton_dag.py
[2026-05-01T15:08:39.212+0000] {processor.py:840} INFO - DAG(s) 'badminton_flashscore' retrieved from /opt/airflow/dags/badminton_match_with_airflow/badminton_dag.py
[2026-05-01T15:08:39.246+0000] {logging_mixin.py:188} INFO - [2026-05-01T15:08:39.245+0000] {dag.py:3096} INFO - Sync 1 DAGs
[2026-05-01T15:08:39.284+0000] {logging_mixin.py:188} INFO - [2026-05-01T15:08:39.284+0000] {dag.py:3954} INFO - Setting next_dagrun for badminton_flashscore to 2026-05-01 00:00:00+00:00, run_after=2026-05-02 00:00:00+00:00
[2026-05-01T15:08:39.322+0000] {processor.py:183} INFO - Processing /opt/airflow/dags/badminton_match_with_airflow/badminton_dag.py took 0.825 seconds
[2026-05-01T15:09:09.668+0000] {processor.py:161} INFO - Started process (PID=30607) to work on /opt/airflow/dags/badminton_match_with_airflow/badminton_dag.py
[2026-05-01T15:09:09.671+0000] {processor.py:830} INFO - Processing file /opt/airflow/dags/badminton_match_with_airflow/badminton_dag.py for tasks to queue
[2026-05-01T15:09:09.673+0000] {logging_mixin.py:188} INFO - [2026-05-01T15:09:09.672+0000] {dagbag.py:540} INFO - Filling up the DagBag from /opt/airflow/dags/badminton_match_with_airflow/badminton_dag.py
[2026-05-01T15:09:10.344+0000] {processor.py:840} INFO - DAG(s) 'badminton_flashscore' retrieved from /opt/airflow/dags/badminton_match_with_airflow/badminton_dag.py
[2026-05-01T15:09:10.377+0000] {logging_mixin.py:188} INFO - [2026-05-01T15:09:10.376+0000] {dag.py:3096} INFO - Sync 1 DAGs
[2026-05-01T15:09:10.415+0000] {logging_mixin.py:188} INFO - [2026-05-01T15:09:10.414+0000] {dag.py:3954} INFO - Setting next_dagrun for badminton_flashscore to 2026-05-01 00:00:00+00:00, run_after=2026-05-02 00:00:00+00:00
[2026-05-01T15:09:10.454+0000] {processor.py:183} INFO - Processing /opt/airflow/dags/badminton_match_with_airflow/badminton_dag.py took 0.801 seconds
[2026-05-01T15:09:41.171+0000] {processor.py:161} INFO - Started process (PID=30668) to work on /opt/airflow/dags/badminton_match_with_airflow/badminton_dag.py
[2026-05-01T15:09:41.173+0000] {processor.py:830} INFO - Processing file /opt/airflow/dags/badminton_match_with_airflow/badminton_dag.py for tasks to queue
[2026-05-01T15:09:41.175+0000] {logging_mixin.py:188} INFO - [2026-05-01T15:09:41.174+0000] {dagbag.py:540} INFO - Filling up the DagBag from /opt/airflow/dags/badminton_match_with_airflow/badminton_dag.py
[2026-05-01T15:09:41.834+0000] {processor.py:840} INFO - DAG(s) 'badminton_flashscore' retrieved from /opt/airflow/dags/badminton_match_with_airflow/badminton_dag.py
[2026-05-01T15:09:41.869+0000] {logging_mixin.py:188} INFO - [2026-05-01T15:09:41.869+0000] {dag.py:3096} INFO - Sync 1 DAGs
[2026-05-01T15:09:41.918+0000] {logging_mixin.py:188} INFO - [2026-05-01T15:09:41.917+0000] {dag.py:3954} INFO - Setting next_dagrun for badminton_flashscore to 2026-05-01 00:00:00+00:00, run_after=2026-05-02 00:00:00+00:00
[2026-05-01T15:09:41.950+0000] {processor.py:183} INFO - Processing /opt/airflow/dags/badminton_match_with_airflow/badminton_dag.py took 0.791 seconds
[2026-05-01T15:10:12.081+0000] {processor.py:161} INFO - Started process (PID=30728) to work on /opt/airflow/dags/badminton_match_with_airflow/badminton_dag.py
[2026-05-01T15:10:12.083+0000] {processor.py:830} INFO - Processing file /opt/airflow/dags/badminton_match_with_airflow/badminton_dag.py for tasks to queue
[2026-05-01T15:10:12.085+0000] {logging_mixin.py:188} INFO - [2026-05-01T15:10:12.085+0000] {dagbag.py:540} INFO - Filling up the DagBag from /opt/airflow/dags/badminton_match_with_airflow/badminton_dag.py
[2026-05-01T15:10:12.737+0000] {processor.py:840} INFO - DAG(s) 'badminton_flashscore' retrieved from /opt/airflow/dags/badminton_match_with_airflow/badminton_dag.py
[2026-05-01T15:10:12.772+0000] {logging_mixin.py:188} INFO - [2026-05-01T15:10:12.772+0000] {dag.py:3096} INFO - Sync 1 DAGs
[2026-05-01T15:10:12.813+0000] {logging_mixin.py:188} INFO - [2026-05-01T15:10:12.813+0000] {dag.py:3954} INFO - Setting next_dagrun for badminton_flashscore to 2026-05-01 00:00:00+00:00, run_after=2026-05-02 00:00:00+00:00
[2026-05-01T15:10:12.851+0000] {processor.py:183} INFO - Processing /opt/airflow/dags/badminton_match_with_airflow/badminton_dag.py took 0.784 seconds
[2026-05-01T15:10:43.449+0000] {processor.py:161} INFO - Started process (PID=30788) to work on /opt/airflow/dags/badminton_match_with_airflow/badminton_dag.py
[2026-05-01T15:10:43.451+0000] {processor.py:830} INFO - Processing file /opt/airflow/dags/badminton_match_with_airflow/badminton_dag.py for tasks to queue
[2026-05-01T15:10:43.453+0000] {logging_mixin.py:188} INFO - [2026-05-01T15:10:43.452+0000] {dagbag.py:540} INFO - Filling up the DagBag from /opt/airflow/dags/badminton_match_with_airflow/badminton_dag.py
[2026-05-01T15:10:44.261+0000] {processor.py:840} INFO - DAG(s) 'badminton_flashscore' retrieved from /opt/airflow/dags/badminton_match_with_airflow/badminton_dag.py
[2026-05-01T15:10:44.306+0000] {logging_mixin.py:188} INFO - [2026-05-01T15:10:44.306+0000] {dag.py:3096} INFO - Sync 1 DAGs
[2026-05-01T15:10:44.352+0000] {logging_mixin.py:188} INFO - [2026-05-01T15:10:44.352+0000] {dag.py:3954} INFO - Setting next_dagrun for badminton_flashscore to 2026-05-01 00:00:00+00:00, run_after=2026-05-02 00:00:00+00:00
[2026-05-01T15:10:44.386+0000] {processor.py:183} INFO - Processing /opt/airflow/dags/badminton_match_with_airflow/badminton_dag.py took 0.952 seconds
[2026-05-01T15:11:15.207+0000] {processor.py:161} INFO - Started process (PID=30850) to work on /opt/airflow/dags/badminton_match_with_airflow/badminton_dag.py
[2026-05-01T15:11:15.209+0000] {processor.py:830} INFO - Processing file /opt/airflow/dags/badminton_match_with_airflow/badminton_dag.py for tasks to queue
[2026-05-01T15:11:15.211+0000] {logging_mixin.py:188} INFO - [2026-05-01T15:11:15.210+0000] {dagbag.py:540} INFO - Filling up the DagBag from /opt/airflow/dags/badminton_match_with_airflow/badminton_dag.py
[2026-05-01T15:11:15.825+0000] {processor.py:840} INFO - DAG(s) 'badminton_flashscore' retrieved from /opt/airflow/dags/badminton_match_with_airflow/badminton_dag.py
[2026-05-01T15:11:15.861+0000] {logging_mixin.py:188} INFO - [2026-05-01T15:11:15.860+0000] {dag.py:3096} INFO - Sync 1 DAGs
[2026-05-01T15:11:15.900+0000] {logging_mixin.py:188} INFO - [2026-05-01T15:11:15.900+0000] {dag.py:3954} INFO - Setting next_dagrun for badminton_flashscore to 2026-05-01 00:00:00+00:00, run_after=2026-05-02 00:00:00+00:00
[2026-05-01T15:11:15.939+0000] {processor.py:183} INFO - Processing /opt/airflow/dags/badminton_match_with_airflow/badminton_dag.py took 0.744 seconds
[2026-05-01T15:11:46.550+0000] {processor.py:161} INFO - Started process (PID=30910) to work on /opt/airflow/dags/badminton_match_with_airflow/badminton_dag.py
[2026-05-01T15:11:46.552+0000] {processor.py:830} INFO - Processing file /opt/airflow/dags/badminton_match_with_airflow/badminton_dag.py for tasks to queue
[2026-05-01T15:11:46.553+0000] {logging_mixin.py:188} INFO - [2026-05-01T15:11:46.553+0000] {dagbag.py:540} INFO - Filling up the DagBag from /opt/airflow/dags/badminton_match_with_airflow/badminton_dag.py
[2026-05-01T15:11:47.170+0000] {processor.py:840} INFO - DAG(s) 'badminton_flashscore' retrieved from /opt/airflow/dags/badminton_match_with_airflow/badminton_dag.py
[2026-05-01T15:11:47.202+0000] {logging_mixin.py:188} INFO - [2026-05-01T15:11:47.201+0000] {dag.py:3096} INFO - Sync 1 DAGs
[2026-05-01T15:11:47.239+0000] {logging_mixin.py:188} INFO - [2026-05-01T15:11:47.239+0000] {dag.py:3954} INFO - Setting next_dagrun for badminton_flashscore to 2026-05-01 00:00:00+00:00, run_after=2026-05-02 00:00:00+00:00
[2026-05-01T15:11:47.275+0000] {processor.py:183} INFO - Processing /opt/airflow/dags/badminton_match_with_airflow/badminton_dag.py took 0.737 seconds
[2026-05-01T15:12:17.915+0000] {processor.py:161} INFO - Started process (PID=30970) to work on /opt/airflow/dags/badminton_match_with_airflow/badminton_dag.py
[2026-05-01T15:12:17.917+0000] {processor.py:830} INFO - Processing file /opt/airflow/dags/badminton_match_with_airflow/badminton_dag.py for tasks to queue
[2026-05-01T15:12:17.919+0000] {logging_mixin.py:188} INFO - [2026-05-01T15:12:17.918+0000] {dagbag.py:540} INFO - Filling up the DagBag from /opt/airflow/dags/badminton_match_with_airflow/badminton_dag.py
[2026-05-01T15:12:18.550+0000] {processor.py:840} INFO - DAG(s) 'badminton_flashscore' retrieved from /opt/airflow/dags/badminton_match_with_airflow/badminton_dag.py
[2026-05-01T15:12:18.583+0000] {logging_mixin.py:188} INFO - [2026-05-01T15:12:18.583+0000] {dag.py:3096} INFO - Sync 1 DAGs
[2026-05-01T15:12:18.624+0000] {logging_mixin.py:188} INFO - [2026-05-01T15:12:18.623+0000] {dag.py:3954} INFO - Setting next_dagrun for badminton_flashscore to 2026-05-01 00:00:00+00:00, run_after=2026-05-02 00:00:00+00:00
[2026-05-01T15:12:18.671+0000] {processor.py:183} INFO - Processing /opt/airflow/dags/badminton_match_with_airflow/badminton_dag.py took 0.767 seconds
[2026-05-01T15:12:48.942+0000] {processor.py:161} INFO - Started process (PID=31033) to work on /opt/airflow/dags/badminton_match_with_airflow/badminton_dag.py
[2026-05-01T15:12:48.944+0000] {processor.py:830} INFO - Processing file /opt/airflow/dags/badminton_match_with_airflow/badminton_dag.py for tasks to queue
[2026-05-01T15:12:48.946+0000] {logging_mixin.py:188} INFO - [2026-05-01T15:12:48.946+0000] {dagbag.py:540} INFO - Filling up the DagBag from /opt/airflow/dags/badminton_match_with_airflow/badminton_dag.py
[2026-05-01T15:12:49.569+0000] {processor.py:840} INFO - DAG(s) 'badminton_flashscore' retrieved from /opt/airflow/dags/badminton_match_with_airflow/badminton_dag.py
[2026-05-01T15:12:49.604+0000] {logging_mixin.py:188} INFO - [2026-05-01T15:12:49.603+0000] {dag.py:3096} INFO - Sync 1 DAGs
[2026-05-01T15:12:49.641+0000] {logging_mixin.py:188} INFO - [2026-05-01T15:12:49.641+0000] {dag.py:3954} INFO - Setting next_dagrun for badminton_flashscore to 2026-05-01 00:00:00+00:00, run_after=2026-05-02 00:00:00+00:00
[2026-05-01T15:12:49.680+0000] {processor.py:183} INFO - Processing /opt/airflow/dags/badminton_match_with_airflow/badminton_dag.py took 0.752 seconds
[2026-05-01T15:13:20.043+0000] {processor.py:161} INFO - Started process (PID=31093) to work on /opt/airflow/dags/badminton_match_with_airflow/badminton_dag.py
[2026-05-01T15:13:20.045+0000] {processor.py:830} INFO - Processing file /opt/airflow/dags/badminton_match_with_airflow/badminton_dag.py for tasks to queue
[2026-05-01T15:13:20.047+0000] {logging_mixin.py:188} INFO - [2026-05-01T15:13:20.047+0000] {dagbag.py:540} INFO - Filling up the DagBag from /opt/airflow/dags/badminton_match_with_airflow/badminton_dag.py
[2026-05-01T15:13:20.723+0000] {processor.py:840} INFO - DAG(s) 'badminton_flashscore' retrieved from /opt/airflow/dags/badminton_match_with_airflow/badminton_dag.py
[2026-05-01T15:13:20.756+0000] {logging_mixin.py:188} INFO - [2026-05-01T15:13:20.755+0000] {dag.py:3096} INFO - Sync 1 DAGs
[2026-05-01T15:13:20.797+0000] {logging_mixin.py:188} INFO - [2026-05-01T15:13:20.797+0000] {dag.py:3954} INFO - Setting next_dagrun for badminton_flashscore to 2026-05-01 00:00:00+00:00, run_after=2026-05-02 00:00:00+00:00
[2026-05-01T15:13:20.826+0000] {processor.py:183} INFO - Processing /opt/airflow/dags/badminton_match_with_airflow/badminton_dag.py took 0.799 seconds
[2026-05-01T15:13:51.138+0000] {processor.py:161} INFO - Started process (PID=31162) to work on /opt/airflow/dags/badminton_match_with_airflow/badminton_dag.py
[2026-05-01T15:13:51.140+0000] {processor.py:830} INFO - Processing file /opt/airflow/dags/badminton_match_with_airflow/badminton_dag.py for tasks to queue
[2026-05-01T15:13:51.141+0000] {logging_mixin.py:188} INFO - [2026-05-01T15:13:51.141+0000] {dagbag.py:540} INFO - Filling up the DagBag from /opt/airflow/dags/badminton_match_with_airflow/badminton_dag.py
[2026-05-01T15:13:51.731+0000] {processor.py:840} INFO - DAG(s) 'badminton_flashscore' retrieved from /opt/airflow/dags/badminton_match_with_airflow/badminton_dag.py
[2026-05-01T15:13:51.765+0000] {logging_mixin.py:188} INFO - [2026-05-01T15:13:51.765+0000] {dag.py:3096} INFO - Sync 1 DAGs
[2026-05-01T15:13:51.806+0000] {logging_mixin.py:188} INFO - [2026-05-01T15:13:51.806+0000] {dag.py:3954} INFO - Setting next_dagrun for badminton_flashscore to 2026-05-01 00:00:00+00:00, run_after=2026-05-02 00:00:00+00:00
[2026-05-01T15:13:51.835+0000] {processor.py:183} INFO - Processing /opt/airflow/dags/badminton_match_with_airflow/badminton_dag.py took 0.709 seconds
